#
# There is insufficient memory for the Java Runtime Environment to continue.
# Native memory allocation (mmap) failed to map 55574528 bytes. Error detail: G1 virtual space
# Possible reasons:
#   The system is out of physical RAM or swap space
#   This process is running with CompressedOops enabled, and the Java Heap may be blocking the growth of the native heap
# Possible solutions:
#   Reduce memory load on the system
#   Increase physical memory or swap space
#   Check if swap backing store is full
#   Decrease Java heap size (-Xmx/-Xms)
#   Decrease number of Java threads
#   Decrease Java thread stack sizes (-Xss)
#   Set larger code cache with -XX:ReservedCodeCacheSize=
#   JVM is running with Unscaled Compressed Oops mode in which the Java heap is
#     placed in the first 4GB address space. The Java Heap base address is the
#     maximum limit for the native heap growth. Please use -XX:HeapBaseMinAddress
#     to set the Java Heap base and to place the Java Heap above 4GB virtual address.
# This output file may be truncated or incomplete.
#
#  Out of Memory Error (os_windows.cpp:3713), pid=8848, tid=28396
#
# JRE version: OpenJDK Runtime Environment Temurin-21.0.9+10 (21.0.9+10) (build 21.0.9+10-LTS)
# Java VM: OpenJDK 64-Bit Server VM Temurin-21.0.9+10 (21.0.9+10-LTS, mixed mode, sharing, tiered, compressed oops, compressed class ptrs, g1 gc, windows-amd64)
# No core dump will be written. Minidumps are not enabled by default on client versions of Windows
#

---------------  S U M M A R Y ------------

Command Line: -Dfile.encoding=UTF-8 -Duser.country=JP -Duser.language=ja -Duser.variant jp.kthrlab.pianorollsample.MyApp

Host: 11th Gen Intel(R) Core(TM) i5-1135G7 @ 2.40GHz, 8 cores, 7G,  Windows 11 , 64 bit Build 26100 (10.0.26100.7309)
Time: Mon Dec 15 15:28:36 2025 elapsed time: 9.133283 seconds (0d 0h 0m 9s)

---------------  T H R E A D  ---------------

Current thread (0x000001f5fa9a3d00):  VMThread "VM Thread"          [id=28396, stack(0x00000062dd100000,0x00000062dd200000) (1024K)]

Stack: [0x00000062dd100000,0x00000062dd200000]
Native frames: (J=compiled Java code, j=interpreted, Vv=VM code, C=native code)
V  [jvm.dll+0x6d6e29]
V  [jvm.dll+0x8b4b76]
V  [jvm.dll+0x8b712e]
V  [jvm.dll+0x8b7813]
V  [jvm.dll+0x283d86]
V  [jvm.dll+0x6d3745]
V  [jvm.dll+0x6c747a]
V  [jvm.dll+0x35e7e8]
V  [jvm.dll+0x366426]
V  [jvm.dll+0x3b73fe]
V  [jvm.dll+0x3b76a8]
V  [jvm.dll+0x3329ec]
V  [jvm.dll+0x335206]
V  [jvm.dll+0x33f1fd]
V  [jvm.dll+0x3748bf]
V  [jvm.dll+0x8bd500]
V  [jvm.dll+0x8be8a4]
V  [jvm.dll+0x8bede0]
V  [jvm.dll+0x8bf083]
V  [jvm.dll+0x85e9ad]
V  [jvm.dll+0x6d565d]
C  [ucrtbase.dll+0x37b0]
C  [KERNEL32.DLL+0x2e8d7]
C  [ntdll.dll+0x8c53c]

VM_Operation (0x00000062dccff5e0): G1PauseRemark, mode: safepoint, requested by thread 0x000001f5e3381730


---------------  P R O C E S S  ---------------

Threads class SMR info:
_java_thread_list=0x000001f5c47c0b20, length=28, elements={
0x000001f5fa9c6c60, 0x000001f5fa9c83d0, 0x000001f5fa9cb2f0, 0x000001f5fa9ce3c0,
0x000001f5fa9d10b0, 0x000001f5fa9d22a0, 0x000001f5fa9d5050, 0x000001f5fa9d98b0,
0x000001f5fab25a70, 0x000001f5fab278f0, 0x000001f5fac7e220, 0x000001f5faddc3d0,
0x000001f5faddcda0, 0x000001f5fadfdfa0, 0x000001f5ff12d980, 0x000001f5e331d1d0,
0x000001f5c3a0f600, 0x000001f5c3998d10, 0x000001f5c399ade0, 0x000001f5c399a0c0,
0x000001f5c399bb00, 0x000001f5c3998680, 0x000001f5c39993a0, 0x000001f5c3999a30,
0x000001f5c399a750, 0x000001f5c3c8a5c0, 0x000001f5c3c8b2e0, 0x000001f5c3c8c690
}

Java Threads: ( => current thread )
  0x000001f5fa9c6c60 JavaThread "Reference Handler"          daemon [_thread_blocked, id=13364, stack(0x00000062dd200000,0x00000062dd300000) (1024K)]
  0x000001f5fa9c83d0 JavaThread "Finalizer"                  daemon [_thread_blocked, id=30788, stack(0x00000062dd300000,0x00000062dd400000) (1024K)]
  0x000001f5fa9cb2f0 JavaThread "Signal Dispatcher"          daemon [_thread_blocked, id=31016, stack(0x00000062dd400000,0x00000062dd500000) (1024K)]
  0x000001f5fa9ce3c0 JavaThread "Attach Listener"            daemon [_thread_blocked, id=28908, stack(0x00000062dd500000,0x00000062dd600000) (1024K)]
  0x000001f5fa9d10b0 JavaThread "Service Thread"             daemon [_thread_blocked, id=31168, stack(0x00000062dd600000,0x00000062dd700000) (1024K)]
  0x000001f5fa9d22a0 JavaThread "Monitor Deflation Thread"   daemon [_thread_blocked, id=20744, stack(0x00000062dd700000,0x00000062dd800000) (1024K)]
  0x000001f5fa9d5050 JavaThread "C2 CompilerThread0"         daemon [_thread_blocked, id=12784, stack(0x00000062dd800000,0x00000062dd900000) (1024K)]
  0x000001f5fa9d98b0 JavaThread "C1 CompilerThread0"         daemon [_thread_blocked, id=27804, stack(0x00000062dd900000,0x00000062dda00000) (1024K)]
  0x000001f5fab25a70 JavaThread "Notification Thread"        daemon [_thread_blocked, id=18112, stack(0x00000062dda00000,0x00000062ddb00000) (1024K)]
  0x000001f5fab278f0 JavaThread "Common-Cleaner"             daemon [_thread_blocked, id=8044, stack(0x00000062ddb00000,0x00000062ddc00000) (1024K)]
  0x000001f5fac7e220 JavaThread "Java2D Disposer"            daemon [_thread_blocked, id=4072, stack(0x00000062ddc00000,0x00000062ddd00000) (1024K)]
  0x000001f5faddc3d0 JavaThread "AWT-Shutdown"                      [_thread_blocked, id=23144, stack(0x00000062ddd00000,0x00000062dde00000) (1024K)]
  0x000001f5faddcda0 JavaThread "AWT-Windows"                daemon [_thread_blocked, id=7336, stack(0x00000062dde00000,0x00000062ddf00000) (1024K)]
  0x000001f5fadfdfa0 JavaThread "AWT-EventQueue-0"                  [_thread_blocked, id=30620, stack(0x00000062ddf00000,0x00000062de000000) (1024K)]
  0x000001f5ff12d980 JavaThread "Animation Thread"                  [_thread_blocked, id=25252, stack(0x00000062de300000,0x00000062de400000) (1024K)]
  0x000001f5e331d1d0 JavaThread "DestroyJavaVM"                     [_thread_blocked, id=18996, stack(0x00000062dca00000,0x00000062dcb00000) (1024K)]
  0x000001f5c3a0f600 JavaThread "C2 CompilerThread1"         daemon [_thread_blocked, id=29004, stack(0x00000062ded00000,0x00000062dee00000) (1024K)]
  0x000001f5c3998d10 JavaThread "Java Sound Event Dispatcher" daemon [_thread_blocked, id=26804, stack(0x00000062def00000,0x00000062df000000) (1024K)]
  0x000001f5c399ade0 JavaThread "JitterCorrector"            daemon [_thread_blocked, id=29764, stack(0x00000062df200000,0x00000062df300000) (1024K)]
  0x000001f5c399a0c0 JavaThread "AudioPusher"                daemon [_thread_blocked, id=25368, stack(0x00000062df300000,0x00000062df400000) (1024K)]
  0x000001f5c399bb00 JavaThread "Java Sound Sequencer"              [_thread_blocked, id=32692, stack(0x00000062df400000,0x00000062df500000) (1024K)]
  0x000001f5c3998680 JavaThread "Java Sound Sequencer"              [_thread_blocked, id=19736, stack(0x00000062df500000,0x00000062df600000) (1024K)]
  0x000001f5c39993a0 JavaThread "JitterCorrector"            daemon [_thread_blocked, id=18204, stack(0x00000062df800000,0x00000062df900000) (1024K)]
  0x000001f5c3999a30 JavaThread "AudioPusher"                daemon [_thread_blocked, id=30508, stack(0x00000062df900000,0x00000062dfa00000) (1024K)]
  0x000001f5c399a750 JavaThread "Thread-1"                          [_thread_blocked, id=28368, stack(0x00000062dfa00000,0x00000062dfb00000) (1024K)]
  0x000001f5c3c8a5c0 JavaThread "Thread-2"                          [_thread_blocked, id=22908, stack(0x00000062dfb00000,0x00000062dfc00000) (1024K)]
  0x000001f5c3c8b2e0 JavaThread "Thread-3"                          [_thread_blocked, id=17516, stack(0x00000062dfc00000,0x00000062dfd00000) (1024K)]
  0x000001f5c3c8c690 JavaThread "Thread-4"                          [_thread_blocked, id=23608, stack(0x00000062dfd00000,0x00000062dfe00000) (1024K)]
Total: 28

Other Threads:
=>0x000001f5fa9a3d00 VMThread "VM Thread"                           [id=28396, stack(0x00000062dd100000,0x00000062dd200000) (1024K)]
  0x000001f5fa990ed0 WatcherThread "VM Periodic Task Thread"        [id=28048, stack(0x00000062dd000000,0x00000062dd100000) (1024K)]
  0x000001f5e3370be0 WorkerThread "GC Thread#0"                     [id=31820, stack(0x00000062dcb00000,0x00000062dcc00000) (1024K)]
  0x000001f5ff25fcb0 WorkerThread "GC Thread#1"                     [id=31192, stack(0x00000062de600000,0x00000062de700000) (1024K)]
  0x000001f5ff260050 WorkerThread "GC Thread#2"                     [id=2292, stack(0x00000062de700000,0x00000062de800000) (1024K)]
  0x000001f5ff260800 WorkerThread "GC Thread#3"                     [id=22280, stack(0x00000062de800000,0x00000062de900000) (1024K)]
  0x000001f5ff2667b0 WorkerThread "GC Thread#4"                     [id=10144, stack(0x00000062de900000,0x00000062dea00000) (1024K)]
  0x000001f5ff266b50 WorkerThread "GC Thread#5"                     [id=2864, stack(0x00000062dea00000,0x00000062deb00000) (1024K)]
  0x000001f5ff2699b0 WorkerThread "GC Thread#6"                     [id=25640, stack(0x00000062deb00000,0x00000062dec00000) (1024K)]
  0x000001f5ff269d50 WorkerThread "GC Thread#7"                     [id=6864, stack(0x00000062dec00000,0x00000062ded00000) (1024K)]
  0x000001f5e3381730 ConcurrentGCThread "G1 Main Marker"            [id=30972, stack(0x00000062dcc00000,0x00000062dcd00000) (1024K)]
  0x000001f5e3385590 WorkerThread "G1 Conc#0"                       [id=27808, stack(0x00000062dcd00000,0x00000062dce00000) (1024K)]
  0x000001f5ff464230 WorkerThread "G1 Conc#1"                       [id=30768, stack(0x00000062dee00000,0x00000062def00000) (1024K)]
  0x000001f5fa865200 ConcurrentGCThread "G1 Refine#0"               [id=27304, stack(0x00000062dce00000,0x00000062dcf00000) (1024K)]
  0x000001f5fa865a20 ConcurrentGCThread "G1 Service"                [id=31928, stack(0x00000062dcf00000,0x00000062dd000000) (1024K)]
Total: 15

Threads with active compile tasks:
C2 CompilerThread0  9183 3187 %     4       sun.java2d.marlin.Renderer::_endRendering @ 808 (2646 bytes)
C1 CompilerThread0  9183 3278   !   2       org.apache.pdfbox.pdfparser.COSParser::findObjectKey (459 bytes)
C2 CompilerThread1  9183 3233   !   4       org.apache.pdfbox.cos.COSNumber::get (209 bytes)
Total: 3

VM state: at safepoint (normal execution)

VM Mutex/Monitor currently owned by a thread:  ([mutex/lock_event])
[0x00007ff986c8d570] Threads_lock - owner thread: 0x000001f5fa9a3d00
[0x00007ff986c8d670] Heap_lock - owner thread: 0x000001f5e3381730

Heap address: 0x0000000082800000, size: 2008 MB, Compressed Oops mode: 32-bit

CDS archive(s) mapped at: [0x000001f580000000-0x000001f580ba0000-0x000001f580ba0000), size 12189696, SharedBaseAddress: 0x000001f580000000, ArchiveRelocationMode: 1.
Compressed class space mapped at: 0x000001f581000000-0x000001f5c1000000, reserved size: 1073741824
Narrow klass base: 0x000001f580000000, Narrow klass shift: 0, Narrow klass range: 0x100000000

GC Precious Log:
 CardTable entry size: 512
 Card Set container configuration: InlinePtr #cards 5 size 8 Array Of Cards #cards 12 size 40 Howl #buckets 4 coarsen threshold 1843 Howl Bitmap #cards 512 size 80 coarsen threshold 460 Card regions per heap region 1 cards per card region 2048
 CPUs: 8 total, 8 available
 Memory: 8025M
 Large Page Support: Disabled
 NUMA Support: Disabled
 Compressed Oops: Enabled (32-bit)
 Heap Region Size: 1M
 Heap Min Capacity: 8M
 Heap Initial Capacity: 126M
 Heap Max Capacity: 2008M
 Pre-touch: Disabled
 Parallel Workers: 8
 Concurrent Workers: 2
 Concurrent Refinement Workers: 8
 Periodic GC: Disabled

Heap:
 garbage-first heap   total 304128K, used 214705K [0x0000000082800000, 0x0000000100000000)
  region size 1024K, 3 young (3072K), 1 survivors (1024K)
 Metaspace       used 18645K, committed 18880K, reserved 1114112K
  class space    used 2167K, committed 2304K, reserved 1048576K

Heap Regions: E=young(eden), S=young(survivor), O=old, HS=humongous(starts), HC=humongous(continues), CS=collection set, F=free, TAMS=top-at-mark-start, PB=parsable bottom
|   0|0x0000000082800000, 0x0000000082900000, 0x0000000082900000|100%|HS|  |TAMS 0x0000000082900000| PB 0x0000000082800000| Complete 
|   1|0x0000000082900000, 0x0000000082a00000, 0x0000000082a00000|100%|HC|  |TAMS 0x0000000082a00000| PB 0x0000000082900000| Complete 
|   2|0x0000000082a00000, 0x0000000082b00000, 0x0000000082b00000|100%|HC|  |TAMS 0x0000000082b00000| PB 0x0000000082a00000| Complete 
|   3|0x0000000082b00000, 0x0000000082c00000, 0x0000000082c00000|100%|HC|  |TAMS 0x0000000082c00000| PB 0x0000000082b00000| Complete 
|   4|0x0000000082c00000, 0x0000000082d00000, 0x0000000082d00000|100%|HC|  |TAMS 0x0000000082d00000| PB 0x0000000082c00000| Complete 
|   5|0x0000000082d00000, 0x0000000082e00000, 0x0000000082e00000|100%|HC|  |TAMS 0x0000000082e00000| PB 0x0000000082d00000| Complete 
|   6|0x0000000082e00000, 0x0000000082f00000, 0x0000000082f00000|100%|HC|  |TAMS 0x0000000082f00000| PB 0x0000000082e00000| Complete 
|   7|0x0000000082f00000, 0x0000000083000000, 0x0000000083000000|100%|HC|  |TAMS 0x0000000083000000| PB 0x0000000082f00000| Complete 
|   8|0x0000000083000000, 0x0000000083100000, 0x0000000083100000|100%|HC|  |TAMS 0x0000000083100000| PB 0x0000000083000000| Complete 
|   9|0x0000000083100000, 0x0000000083200000, 0x0000000083200000|100%|HC|  |TAMS 0x0000000083200000| PB 0x0000000083100000| Complete 
|  10|0x0000000083200000, 0x0000000083300000, 0x0000000083300000|100%|HC|  |TAMS 0x0000000083300000| PB 0x0000000083200000| Complete 
|  11|0x0000000083300000, 0x0000000083400000, 0x0000000083400000|100%|HC|  |TAMS 0x0000000083400000| PB 0x0000000083300000| Complete 
|  12|0x0000000083400000, 0x0000000083500000, 0x0000000083500000|100%|HC|  |TAMS 0x0000000083500000| PB 0x0000000083400000| Complete 
|  13|0x0000000083500000, 0x0000000083600000, 0x0000000083600000|100%|HC|  |TAMS 0x0000000083600000| PB 0x0000000083500000| Complete 
|  14|0x0000000083600000, 0x0000000083700000, 0x0000000083700000|100%|HC|  |TAMS 0x0000000083700000| PB 0x0000000083600000| Complete 
|  15|0x0000000083700000, 0x0000000083800000, 0x0000000083800000|100%|HC|  |TAMS 0x0000000083800000| PB 0x0000000083700000| Complete 
|  16|0x0000000083800000, 0x0000000083900000, 0x0000000083900000|100%|HC|  |TAMS 0x0000000083900000| PB 0x0000000083800000| Complete 
|  17|0x0000000083900000, 0x0000000083a00000, 0x0000000083a00000|100%|HC|  |TAMS 0x0000000083a00000| PB 0x0000000083900000| Complete 
|  18|0x0000000083a00000, 0x0000000083b00000, 0x0000000083b00000|100%|HC|  |TAMS 0x0000000083b00000| PB 0x0000000083a00000| Complete 
|  19|0x0000000083b00000, 0x0000000083c00000, 0x0000000083c00000|100%|HC|  |TAMS 0x0000000083c00000| PB 0x0000000083b00000| Complete 
|  20|0x0000000083c00000, 0x0000000083d00000, 0x0000000083d00000|100%|HS|  |TAMS 0x0000000083d00000| PB 0x0000000083c00000| Complete 
|  21|0x0000000083d00000, 0x0000000083e00000, 0x0000000083e00000|100%|HC|  |TAMS 0x0000000083e00000| PB 0x0000000083d00000| Complete 
|  22|0x0000000083e00000, 0x0000000083f00000, 0x0000000083f00000|100%|HC|  |TAMS 0x0000000083f00000| PB 0x0000000083e00000| Complete 
|  23|0x0000000083f00000, 0x0000000084000000, 0x0000000084000000|100%|HC|  |TAMS 0x0000000084000000| PB 0x0000000083f00000| Complete 
|  24|0x0000000084000000, 0x0000000084100000, 0x0000000084100000|100%|HC|  |TAMS 0x0000000084100000| PB 0x0000000084000000| Complete 
|  25|0x0000000084100000, 0x0000000084200000, 0x0000000084200000|100%|HC|  |TAMS 0x0000000084200000| PB 0x0000000084100000| Complete 
|  26|0x0000000084200000, 0x0000000084300000, 0x0000000084300000|100%|HC|  |TAMS 0x0000000084300000| PB 0x0000000084200000| Complete 
|  27|0x0000000084300000, 0x0000000084400000, 0x0000000084400000|100%|HC|  |TAMS 0x0000000084400000| PB 0x0000000084300000| Complete 
|  28|0x0000000084400000, 0x0000000084500000, 0x0000000084500000|100%|HC|  |TAMS 0x0000000084500000| PB 0x0000000084400000| Complete 
|  29|0x0000000084500000, 0x0000000084600000, 0x0000000084600000|100%|HC|  |TAMS 0x0000000084600000| PB 0x0000000084500000| Complete 
|  30|0x0000000084600000, 0x0000000084700000, 0x0000000084700000|100%|HC|  |TAMS 0x0000000084700000| PB 0x0000000084600000| Complete 
|  31|0x0000000084700000, 0x0000000084800000, 0x0000000084800000|100%|HC|  |TAMS 0x0000000084800000| PB 0x0000000084700000| Complete 
|  32|0x0000000084800000, 0x0000000084900000, 0x0000000084900000|100%|HC|  |TAMS 0x0000000084900000| PB 0x0000000084800000| Complete 
|  33|0x0000000084900000, 0x0000000084a00000, 0x0000000084a00000|100%|HC|  |TAMS 0x0000000084a00000| PB 0x0000000084900000| Complete 
|  34|0x0000000084a00000, 0x0000000084b00000, 0x0000000084b00000|100%|HC|  |TAMS 0x0000000084b00000| PB 0x0000000084a00000| Complete 
|  35|0x0000000084b00000, 0x0000000084c00000, 0x0000000084c00000|100%|HC|  |TAMS 0x0000000084c00000| PB 0x0000000084b00000| Complete 
|  36|0x0000000084c00000, 0x0000000084d00000, 0x0000000084d00000|100%|HC|  |TAMS 0x0000000084d00000| PB 0x0000000084c00000| Complete 
|  37|0x0000000084d00000, 0x0000000084e00000, 0x0000000084e00000|100%|HC|  |TAMS 0x0000000084e00000| PB 0x0000000084d00000| Complete 
|  38|0x0000000084e00000, 0x0000000084f00000, 0x0000000084f00000|100%|HC|  |TAMS 0x0000000084f00000| PB 0x0000000084e00000| Complete 
|  39|0x0000000084f00000, 0x0000000085000000, 0x0000000085000000|100%|HC|  |TAMS 0x0000000085000000| PB 0x0000000084f00000| Complete 
|  40|0x0000000085000000, 0x0000000085100000, 0x0000000085100000|100%| O|  |TAMS 0x0000000085100000| PB 0x0000000085100000| Untracked 
|  41|0x0000000085100000, 0x0000000085200000, 0x0000000085200000|100%| O|  |TAMS 0x0000000085200000| PB 0x0000000085200000| Untracked 
|  42|0x0000000085200000, 0x0000000085300000, 0x0000000085300000|100%| O|  |TAMS 0x0000000085300000| PB 0x0000000085300000| Untracked 
|  43|0x0000000085300000, 0x0000000085400000, 0x0000000085400000|100%|HS|  |TAMS 0x0000000085400000| PB 0x0000000085300000| Complete 
|  44|0x0000000085400000, 0x0000000085500000, 0x0000000085500000|100%|HC|  |TAMS 0x0000000085500000| PB 0x0000000085400000| Complete 
|  45|0x0000000085500000, 0x0000000085600000, 0x0000000085600000|100%|HC|  |TAMS 0x0000000085600000| PB 0x0000000085500000| Complete 
|  46|0x0000000085600000, 0x0000000085700000, 0x0000000085700000|100%|HC|  |TAMS 0x0000000085700000| PB 0x0000000085600000| Complete 
|  47|0x0000000085700000, 0x0000000085800000, 0x0000000085800000|100%|HC|  |TAMS 0x0000000085800000| PB 0x0000000085700000| Complete 
|  48|0x0000000085800000, 0x0000000085900000, 0x0000000085900000|100%|HC|  |TAMS 0x0000000085900000| PB 0x0000000085800000| Complete 
|  49|0x0000000085900000, 0x0000000085a00000, 0x0000000085a00000|100%|HC|  |TAMS 0x0000000085a00000| PB 0x0000000085900000| Complete 
|  50|0x0000000085a00000, 0x0000000085b00000, 0x0000000085b00000|100%|HC|  |TAMS 0x0000000085b00000| PB 0x0000000085a00000| Complete 
|  51|0x0000000085b00000, 0x0000000085c00000, 0x0000000085c00000|100%|HC|  |TAMS 0x0000000085c00000| PB 0x0000000085b00000| Complete 
|  52|0x0000000085c00000, 0x0000000085d00000, 0x0000000085d00000|100%|HC|  |TAMS 0x0000000085d00000| PB 0x0000000085c00000| Complete 
|  53|0x0000000085d00000, 0x0000000085e00000, 0x0000000085e00000|100%|HC|  |TAMS 0x0000000085e00000| PB 0x0000000085d00000| Complete 
|  54|0x0000000085e00000, 0x0000000085f00000, 0x0000000085f00000|100%|HC|  |TAMS 0x0000000085f00000| PB 0x0000000085e00000| Complete 
|  55|0x0000000085f00000, 0x0000000086000000, 0x0000000086000000|100%|HC|  |TAMS 0x0000000086000000| PB 0x0000000085f00000| Complete 
|  56|0x0000000086000000, 0x0000000086100000, 0x0000000086100000|100%|HC|  |TAMS 0x0000000086100000| PB 0x0000000086000000| Complete 
|  57|0x0000000086100000, 0x0000000086200000, 0x0000000086200000|100%|HC|  |TAMS 0x0000000086200000| PB 0x0000000086100000| Complete 
|  58|0x0000000086200000, 0x0000000086300000, 0x0000000086300000|100%|HC|  |TAMS 0x0000000086300000| PB 0x0000000086200000| Complete 
|  59|0x0000000086300000, 0x0000000086400000, 0x0000000086400000|100%|HC|  |TAMS 0x0000000086400000| PB 0x0000000086300000| Complete 
|  60|0x0000000086400000, 0x0000000086500000, 0x0000000086500000|100%|HC|  |TAMS 0x0000000086500000| PB 0x0000000086400000| Complete 
|  61|0x0000000086500000, 0x0000000086600000, 0x0000000086600000|100%|HC|  |TAMS 0x0000000086600000| PB 0x0000000086500000| Complete 
|  62|0x0000000086600000, 0x0000000086700000, 0x0000000086700000|100%|HC|  |TAMS 0x0000000086700000| PB 0x0000000086600000| Complete 
|  63|0x0000000086700000, 0x0000000086800000, 0x0000000086800000|100%| O|  |TAMS 0x0000000086800000| PB 0x0000000086800000| Untracked 
|  64|0x0000000086800000, 0x0000000086900000, 0x0000000086900000|100%| O|  |TAMS 0x0000000086900000| PB 0x0000000086900000| Untracked 
|  65|0x0000000086900000, 0x0000000086a00000, 0x0000000086a00000|100%| O|  |TAMS 0x0000000086a00000| PB 0x0000000086a00000| Untracked 
|  66|0x0000000086a00000, 0x0000000086b00000, 0x0000000086b00000|100%| O|  |TAMS 0x0000000086b00000| PB 0x0000000086b00000| Updating 
|  67|0x0000000086b00000, 0x0000000086c00000, 0x0000000086c00000|100%| O|  |TAMS 0x0000000086c00000| PB 0x0000000086c00000| Untracked 
|  68|0x0000000086c00000, 0x0000000086d00000, 0x0000000086d00000|100%| O|  |TAMS 0x0000000086d00000| PB 0x0000000086d00000| Untracked 
|  69|0x0000000086d00000, 0x0000000086e00000, 0x0000000086e00000|100%| O|  |TAMS 0x0000000086e00000| PB 0x0000000086e00000| Untracked 
|  70|0x0000000086e00000, 0x0000000086f00000, 0x0000000086f00000|100%| O|  |TAMS 0x0000000086f00000| PB 0x0000000086f00000| Updating 
|  71|0x0000000086f00000, 0x0000000087000000, 0x0000000087000000|100%| O|  |TAMS 0x0000000087000000| PB 0x0000000087000000| Untracked 
|  72|0x0000000087000000, 0x0000000087100000, 0x0000000087100000|100%| O|  |TAMS 0x0000000087100000| PB 0x0000000087100000| Untracked 
|  73|0x0000000087100000, 0x0000000087200000, 0x0000000087200000|100%| O|  |TAMS 0x0000000087200000| PB 0x0000000087200000| Untracked 
|  74|0x0000000087200000, 0x0000000087300000, 0x0000000087300000|100%|HS|  |TAMS 0x0000000087300000| PB 0x0000000087200000| Complete 
|  75|0x0000000087300000, 0x0000000087400000, 0x0000000087400000|100%| O|  |TAMS 0x0000000087400000| PB 0x0000000087400000| Untracked 
|  76|0x0000000087400000, 0x0000000087500000, 0x0000000087500000|100%| O|  |TAMS 0x0000000087500000| PB 0x0000000087500000| Untracked 
|  77|0x0000000087500000, 0x0000000087600000, 0x0000000087600000|100%| O|  |TAMS 0x0000000087600000| PB 0x0000000087600000| Untracked 
|  78|0x0000000087600000, 0x0000000087700000, 0x0000000087700000|100%| O|  |TAMS 0x0000000087700000| PB 0x0000000087700000| Untracked 
|  79|0x0000000087700000, 0x0000000087800000, 0x0000000087800000|100%| O|  |TAMS 0x0000000087800000| PB 0x0000000087800000| Updating 
|  80|0x0000000087800000, 0x0000000087900000, 0x0000000087900000|100%| O|  |TAMS 0x0000000087900000| PB 0x0000000087900000| Untracked 
|  81|0x0000000087900000, 0x0000000087a00000, 0x0000000087a00000|100%| O|  |TAMS 0x0000000087a00000| PB 0x0000000087a00000| Untracked 
|  82|0x0000000087a00000, 0x0000000087b00000, 0x0000000087b00000|100%| O|  |TAMS 0x0000000087b00000| PB 0x0000000087b00000| Untracked 
|  83|0x0000000087b00000, 0x0000000087c00000, 0x0000000087c00000|100%| O|  |TAMS 0x0000000087c00000| PB 0x0000000087c00000| Untracked 
|  84|0x0000000087c00000, 0x0000000087d00000, 0x0000000087d00000|100%|HS|  |TAMS 0x0000000087c00000| PB 0x0000000087c00000| Complete 
|  85|0x0000000087d00000, 0x0000000087e00000, 0x0000000087e00000|100%| O|  |TAMS 0x0000000087e00000| PB 0x0000000087e00000| Updating 
|  86|0x0000000087e00000, 0x0000000087f00000, 0x0000000087f00000|100%|HS|  |TAMS 0x0000000087f00000| PB 0x0000000087e00000| Complete 
|  87|0x0000000087f00000, 0x0000000088000000, 0x0000000088000000|100%|HS|  |TAMS 0x0000000088000000| PB 0x0000000087f00000| Complete 
|  88|0x0000000088000000, 0x0000000088100000, 0x0000000088100000|100%|HS|  |TAMS 0x0000000088100000| PB 0x0000000088000000| Complete 
|  89|0x0000000088100000, 0x0000000088200000, 0x0000000088200000|100%|HS|  |TAMS 0x0000000088200000| PB 0x0000000088100000| Complete 
|  90|0x0000000088200000, 0x0000000088300000, 0x0000000088300000|100%|HS|  |TAMS 0x0000000088300000| PB 0x0000000088200000| Complete 
|  91|0x0000000088300000, 0x0000000088400000, 0x0000000088400000|100%|HS|  |TAMS 0x0000000088300000| PB 0x0000000088300000| Complete 
|  92|0x0000000088400000, 0x0000000088500000, 0x0000000088500000|100%|HS|  |TAMS 0x0000000088500000| PB 0x0000000088400000| Complete 
|  93|0x0000000088500000, 0x0000000088600000, 0x0000000088600000|100%|HS|  |TAMS 0x0000000088500000| PB 0x0000000088500000| Complete 
|  94|0x0000000088600000, 0x0000000088700000, 0x0000000088700000|100%|HS|  |TAMS 0x0000000088600000| PB 0x0000000088600000| Complete 
|  95|0x0000000088700000, 0x0000000088800000, 0x0000000088800000|100%|HS|  |TAMS 0x0000000088700000| PB 0x0000000088700000| Complete 
|  96|0x0000000088800000, 0x0000000088900000, 0x0000000088900000|100%|HS|  |TAMS 0x0000000088800000| PB 0x0000000088800000| Complete 
|  97|0x0000000088900000, 0x0000000088a00000, 0x0000000088a00000|100%|HS|  |TAMS 0x0000000088900000| PB 0x0000000088900000| Complete 
|  98|0x0000000088a00000, 0x0000000088b00000, 0x0000000088b00000|100%|HS|  |TAMS 0x0000000088a00000| PB 0x0000000088a00000| Complete 
|  99|0x0000000088b00000, 0x0000000088c00000, 0x0000000088c00000|100%|HS|  |TAMS 0x0000000088b00000| PB 0x0000000088b00000| Complete 
| 100|0x0000000088c00000, 0x0000000088d00000, 0x0000000088d00000|100%|HS|  |TAMS 0x0000000088c00000| PB 0x0000000088c00000| Complete 
| 101|0x0000000088d00000, 0x0000000088e00000, 0x0000000088e00000|100%|HS|  |TAMS 0x0000000088d00000| PB 0x0000000088d00000| Complete 
| 102|0x0000000088e00000, 0x0000000088f00000, 0x0000000088f00000|100%|HS|  |TAMS 0x0000000088f00000| PB 0x0000000088e00000| Complete 
| 103|0x0000000088f00000, 0x0000000089000000, 0x0000000089000000|100%|HS|  |TAMS 0x0000000089000000| PB 0x0000000088f00000| Complete 
| 104|0x0000000089000000, 0x0000000089100000, 0x0000000089100000|100%|HS|  |TAMS 0x0000000089100000| PB 0x0000000089000000| Complete 
| 105|0x0000000089100000, 0x0000000089200000, 0x0000000089200000|100%|HS|  |TAMS 0x0000000089200000| PB 0x0000000089100000| Complete 
| 106|0x0000000089200000, 0x0000000089300000, 0x0000000089300000|100%|HS|  |TAMS 0x0000000089300000| PB 0x0000000089200000| Complete 
| 107|0x0000000089300000, 0x0000000089400000, 0x0000000089400000|100%|HS|  |TAMS 0x0000000089400000| PB 0x0000000089300000| Complete 
| 108|0x0000000089400000, 0x0000000089500000, 0x0000000089500000|100%|HS|  |TAMS 0x0000000089400000| PB 0x0000000089400000| Complete 
| 109|0x0000000089500000, 0x0000000089600000, 0x0000000089600000|100%|HS|  |TAMS 0x0000000089600000| PB 0x0000000089500000| Complete 
| 110|0x0000000089600000, 0x0000000089700000, 0x0000000089700000|100%|HS|  |TAMS 0x0000000089700000| PB 0x0000000089600000| Complete 
| 111|0x0000000089700000, 0x0000000089800000, 0x0000000089800000|100%|HS|  |TAMS 0x0000000089800000| PB 0x0000000089700000| Complete 
| 112|0x0000000089800000, 0x0000000089900000, 0x0000000089900000|100%|HS|  |TAMS 0x0000000089900000| PB 0x0000000089800000| Complete 
| 113|0x0000000089900000, 0x0000000089a00000, 0x0000000089a00000|100%|HS|  |TAMS 0x0000000089900000| PB 0x0000000089900000| Complete 
| 114|0x0000000089a00000, 0x0000000089b00000, 0x0000000089b00000|100%|HS|  |TAMS 0x0000000089b00000| PB 0x0000000089a00000| Complete 
| 115|0x0000000089b00000, 0x0000000089c00000, 0x0000000089c00000|100%|HS|  |TAMS 0x0000000089c00000| PB 0x0000000089b00000| Complete 
| 116|0x0000000089c00000, 0x0000000089d00000, 0x0000000089d00000|100%|HS|  |TAMS 0x0000000089d00000| PB 0x0000000089c00000| Complete 
| 117|0x0000000089d00000, 0x0000000089e00000, 0x0000000089e00000|100%|HS|  |TAMS 0x0000000089e00000| PB 0x0000000089d00000| Complete 
| 118|0x0000000089e00000, 0x0000000089f00000, 0x0000000089f00000|100%|HS|  |TAMS 0x0000000089f00000| PB 0x0000000089e00000| Complete 
| 119|0x0000000089f00000, 0x000000008a000000, 0x000000008a000000|100%|HS|  |TAMS 0x0000000089f00000| PB 0x0000000089f00000| Complete 
| 120|0x000000008a000000, 0x000000008a100000, 0x000000008a100000|100%|HS|  |TAMS 0x000000008a100000| PB 0x000000008a000000| Complete 
| 121|0x000000008a100000, 0x000000008a200000, 0x000000008a200000|100%|HS|  |TAMS 0x000000008a200000| PB 0x000000008a100000| Complete 
| 122|0x000000008a200000, 0x000000008a300000, 0x000000008a300000|100%|HS|  |TAMS 0x000000008a300000| PB 0x000000008a200000| Complete 
| 123|0x000000008a300000, 0x000000008a400000, 0x000000008a400000|100%|HS|  |TAMS 0x000000008a300000| PB 0x000000008a300000| Complete 
| 124|0x000000008a400000, 0x000000008a500000, 0x000000008a500000|100%|HS|  |TAMS 0x000000008a500000| PB 0x000000008a400000| Complete 
| 125|0x000000008a500000, 0x000000008a600000, 0x000000008a600000|100%|HS|  |TAMS 0x000000008a600000| PB 0x000000008a500000| Complete 
| 126|0x000000008a600000, 0x000000008a700000, 0x000000008a700000|100%|HS|  |TAMS 0x000000008a700000| PB 0x000000008a600000| Complete 
| 127|0x000000008a700000, 0x000000008a800000, 0x000000008a800000|100%|HS|  |TAMS 0x000000008a700000| PB 0x000000008a700000| Complete 
| 128|0x000000008a800000, 0x000000008a900000, 0x000000008a900000|100%|HS|  |TAMS 0x000000008a900000| PB 0x000000008a800000| Complete 
| 129|0x000000008a900000, 0x000000008aa00000, 0x000000008aa00000|100%|HS|  |TAMS 0x000000008aa00000| PB 0x000000008a900000| Complete 
| 130|0x000000008aa00000, 0x000000008ab00000, 0x000000008ab00000|100%|HS|  |TAMS 0x000000008ab00000| PB 0x000000008aa00000| Complete 
| 131|0x000000008ab00000, 0x000000008ac00000, 0x000000008ac00000|100%|HS|  |TAMS 0x000000008ac00000| PB 0x000000008ab00000| Complete 
| 132|0x000000008ac00000, 0x000000008ad00000, 0x000000008ad00000|100%|HS|  |TAMS 0x000000008ad00000| PB 0x000000008ac00000| Complete 
| 133|0x000000008ad00000, 0x000000008ae00000, 0x000000008ae00000|100%|HS|  |TAMS 0x000000008ae00000| PB 0x000000008ad00000| Complete 
| 134|0x000000008ae00000, 0x000000008af00000, 0x000000008af00000|100%|HS|  |TAMS 0x000000008af00000| PB 0x000000008ae00000| Complete 
| 135|0x000000008af00000, 0x000000008b000000, 0x000000008b000000|100%|HS|  |TAMS 0x000000008af00000| PB 0x000000008af00000| Complete 
| 136|0x000000008b000000, 0x000000008b100000, 0x000000008b100000|100%|HS|  |TAMS 0x000000008b100000| PB 0x000000008b000000| Complete 
| 137|0x000000008b100000, 0x000000008b200000, 0x000000008b200000|100%|HS|  |TAMS 0x000000008b200000| PB 0x000000008b100000| Complete 
| 138|0x000000008b200000, 0x000000008b300000, 0x000000008b300000|100%|HS|  |TAMS 0x000000008b300000| PB 0x000000008b200000| Complete 
| 139|0x000000008b300000, 0x000000008b400000, 0x000000008b400000|100%|HS|  |TAMS 0x000000008b300000| PB 0x000000008b300000| Complete 
| 140|0x000000008b400000, 0x000000008b500000, 0x000000008b500000|100%|HS|  |TAMS 0x000000008b500000| PB 0x000000008b400000| Complete 
| 141|0x000000008b500000, 0x000000008b600000, 0x000000008b600000|100%|HS|  |TAMS 0x000000008b600000| PB 0x000000008b500000| Complete 
| 142|0x000000008b600000, 0x000000008b700000, 0x000000008b700000|100%|HS|  |TAMS 0x000000008b700000| PB 0x000000008b600000| Complete 
| 143|0x000000008b700000, 0x000000008b800000, 0x000000008b800000|100%|HS|  |TAMS 0x000000008b800000| PB 0x000000008b700000| Complete 
| 144|0x000000008b800000, 0x000000008b900000, 0x000000008b900000|100%|HS|  |TAMS 0x000000008b900000| PB 0x000000008b800000| Complete 
| 145|0x000000008b900000, 0x000000008ba00000, 0x000000008ba00000|100%|HS|  |TAMS 0x000000008b900000| PB 0x000000008b900000| Complete 
| 146|0x000000008ba00000, 0x000000008bb00000, 0x000000008bb00000|100%|HS|  |TAMS 0x000000008bb00000| PB 0x000000008ba00000| Complete 
| 147|0x000000008bb00000, 0x000000008bc00000, 0x000000008bc00000|100%|HS|  |TAMS 0x000000008bc00000| PB 0x000000008bb00000| Complete 
| 148|0x000000008bc00000, 0x000000008bd00000, 0x000000008bd00000|100%|HS|  |TAMS 0x000000008bd00000| PB 0x000000008bc00000| Complete 
| 149|0x000000008bd00000, 0x000000008be00000, 0x000000008be00000|100%|HS|  |TAMS 0x000000008be00000| PB 0x000000008bd00000| Complete 
| 150|0x000000008be00000, 0x000000008bf00000, 0x000000008bf00000|100%|HS|  |TAMS 0x000000008bf00000| PB 0x000000008be00000| Complete 
| 151|0x000000008bf00000, 0x000000008c000000, 0x000000008c000000|100%|HS|  |TAMS 0x000000008c000000| PB 0x000000008bf00000| Complete 
| 152|0x000000008c000000, 0x000000008c100000, 0x000000008c100000|100%|HS|  |TAMS 0x000000008c100000| PB 0x000000008c000000| Complete 
| 153|0x000000008c100000, 0x000000008c200000, 0x000000008c200000|100%|HS|  |TAMS 0x000000008c100000| PB 0x000000008c100000| Complete 
| 154|0x000000008c200000, 0x000000008c200000, 0x000000008c300000|  0%| F|  |TAMS 0x000000008c200000| PB 0x000000008c200000| Untracked 
| 155|0x000000008c300000, 0x000000008c300000, 0x000000008c400000|  0%| F|  |TAMS 0x000000008c300000| PB 0x000000008c300000| Untracked 
| 156|0x000000008c400000, 0x000000008c400000, 0x000000008c500000|  0%| F|  |TAMS 0x000000008c400000| PB 0x000000008c400000| Untracked 
| 157|0x000000008c500000, 0x000000008c500000, 0x000000008c600000|  0%| F|  |TAMS 0x000000008c500000| PB 0x000000008c500000| Untracked 
| 158|0x000000008c600000, 0x000000008c600000, 0x000000008c700000|  0%| F|  |TAMS 0x000000008c600000| PB 0x000000008c600000| Untracked 
| 159|0x000000008c700000, 0x000000008c700000, 0x000000008c800000|  0%| F|  |TAMS 0x000000008c700000| PB 0x000000008c700000| Untracked 
| 160|0x000000008c800000, 0x000000008c800000, 0x000000008c900000|  0%| F|  |TAMS 0x000000008c800000| PB 0x000000008c800000| Untracked 
| 161|0x000000008c900000, 0x000000008c900000, 0x000000008ca00000|  0%| F|  |TAMS 0x000000008c900000| PB 0x000000008c900000| Untracked 
| 162|0x000000008ca00000, 0x000000008ca00000, 0x000000008cb00000|  0%| F|  |TAMS 0x000000008ca00000| PB 0x000000008ca00000| Untracked 
| 163|0x000000008cb00000, 0x000000008cb00000, 0x000000008cc00000|  0%| F|  |TAMS 0x000000008cb00000| PB 0x000000008cb00000| Untracked 
| 164|0x000000008cc00000, 0x000000008cc00000, 0x000000008cd00000|  0%| F|  |TAMS 0x000000008cc00000| PB 0x000000008cc00000| Untracked 
| 165|0x000000008cd00000, 0x000000008cd00000, 0x000000008ce00000|  0%| F|  |TAMS 0x000000008cd00000| PB 0x000000008cd00000| Untracked 
| 166|0x000000008ce00000, 0x000000008ce00000, 0x000000008cf00000|  0%| F|  |TAMS 0x000000008ce00000| PB 0x000000008ce00000| Untracked 
| 167|0x000000008cf00000, 0x000000008cf00000, 0x000000008d000000|  0%| F|  |TAMS 0x000000008cf00000| PB 0x000000008cf00000| Untracked 
| 168|0x000000008d000000, 0x000000008d000000, 0x000000008d100000|  0%| F|  |TAMS 0x000000008d000000| PB 0x000000008d000000| Untracked 
| 169|0x000000008d100000, 0x000000008d100000, 0x000000008d200000|  0%| F|  |TAMS 0x000000008d100000| PB 0x000000008d100000| Untracked 
| 170|0x000000008d200000, 0x000000008d200000, 0x000000008d300000|  0%| F|  |TAMS 0x000000008d200000| PB 0x000000008d200000| Untracked 
| 171|0x000000008d300000, 0x000000008d300000, 0x000000008d400000|  0%| F|  |TAMS 0x000000008d300000| PB 0x000000008d300000| Untracked 
| 172|0x000000008d400000, 0x000000008d500000, 0x000000008d500000|100%|HS|  |TAMS 0x000000008d500000| PB 0x000000008d400000| Complete 
| 173|0x000000008d500000, 0x000000008d600000, 0x000000008d600000|100%|HS|  |TAMS 0x000000008d600000| PB 0x000000008d500000| Complete 
| 174|0x000000008d600000, 0x000000008d700000, 0x000000008d700000|100%|HS|  |TAMS 0x000000008d700000| PB 0x000000008d600000| Complete 
| 175|0x000000008d700000, 0x000000008d700000, 0x000000008d800000|  0%| F|  |TAMS 0x000000008d700000| PB 0x000000008d700000| Untracked 
| 176|0x000000008d800000, 0x000000008d900000, 0x000000008d900000|100%|HS|  |TAMS 0x000000008d900000| PB 0x000000008d800000| Complete 
| 177|0x000000008d900000, 0x000000008da00000, 0x000000008da00000|100%|HS|  |TAMS 0x000000008da00000| PB 0x000000008d900000| Complete 
| 178|0x000000008da00000, 0x000000008db00000, 0x000000008db00000|100%|HS|  |TAMS 0x000000008db00000| PB 0x000000008da00000| Complete 
| 179|0x000000008db00000, 0x000000008db00000, 0x000000008dc00000|  0%| F|  |TAMS 0x000000008db00000| PB 0x000000008db00000| Untracked 
| 180|0x000000008dc00000, 0x000000008dd00000, 0x000000008dd00000|100%|HS|  |TAMS 0x000000008dd00000| PB 0x000000008dc00000| Complete 
| 181|0x000000008dd00000, 0x000000008de00000, 0x000000008de00000|100%|HS|  |TAMS 0x000000008de00000| PB 0x000000008dd00000| Complete 
| 182|0x000000008de00000, 0x000000008df00000, 0x000000008df00000|100%|HS|  |TAMS 0x000000008df00000| PB 0x000000008de00000| Complete 
| 183|0x000000008df00000, 0x000000008df00000, 0x000000008e000000|  0%| F|  |TAMS 0x000000008df00000| PB 0x000000008df00000| Untracked 
| 184|0x000000008e000000, 0x000000008e100000, 0x000000008e100000|100%|HS|  |TAMS 0x000000008e100000| PB 0x000000008e000000| Complete 
| 185|0x000000008e100000, 0x000000008e200000, 0x000000008e200000|100%|HS|  |TAMS 0x000000008e200000| PB 0x000000008e100000| Complete 
| 186|0x000000008e200000, 0x000000008e300000, 0x000000008e300000|100%|HS|  |TAMS 0x000000008e300000| PB 0x000000008e200000| Complete 
| 187|0x000000008e300000, 0x000000008e300000, 0x000000008e400000|  0%| F|  |TAMS 0x000000008e300000| PB 0x000000008e300000| Untracked 
| 188|0x000000008e400000, 0x000000008e500000, 0x000000008e500000|100%|HS|  |TAMS 0x000000008e500000| PB 0x000000008e400000| Complete 
| 189|0x000000008e500000, 0x000000008e600000, 0x000000008e600000|100%|HS|  |TAMS 0x000000008e600000| PB 0x000000008e500000| Complete 
| 190|0x000000008e600000, 0x000000008e700000, 0x000000008e700000|100%|HS|  |TAMS 0x000000008e700000| PB 0x000000008e600000| Complete 
| 191|0x000000008e700000, 0x000000008e700000, 0x000000008e800000|  0%| F|  |TAMS 0x000000008e700000| PB 0x000000008e700000| Untracked 
| 192|0x000000008e800000, 0x000000008e800000, 0x000000008e900000|  0%| F|  |TAMS 0x000000008e800000| PB 0x000000008e800000| Untracked 
| 193|0x000000008e900000, 0x000000008e900000, 0x000000008ea00000|  0%| F|  |TAMS 0x000000008e900000| PB 0x000000008e900000| Untracked 
| 194|0x000000008ea00000, 0x000000008ea00000, 0x000000008eb00000|  0%| F|  |TAMS 0x000000008ea00000| PB 0x000000008ea00000| Untracked 
| 195|0x000000008eb00000, 0x000000008eb00000, 0x000000008ec00000|  0%| F|  |TAMS 0x000000008eb00000| PB 0x000000008eb00000| Untracked 
| 196|0x000000008ec00000, 0x000000008ec00000, 0x000000008ed00000|  0%| F|  |TAMS 0x000000008ec00000| PB 0x000000008ec00000| Untracked 
| 197|0x000000008ed00000, 0x000000008ed00000, 0x000000008ee00000|  0%| F|  |TAMS 0x000000008ed00000| PB 0x000000008ed00000| Untracked 
| 198|0x000000008ee00000, 0x000000008ee00000, 0x000000008ef00000|  0%| F|  |TAMS 0x000000008ee00000| PB 0x000000008ee00000| Untracked 
| 199|0x000000008ef00000, 0x000000008ef00000, 0x000000008f000000|  0%| F|  |TAMS 0x000000008ef00000| PB 0x000000008ef00000| Untracked 
| 200|0x000000008f000000, 0x000000008f000000, 0x000000008f100000|  0%| F|  |TAMS 0x000000008f000000| PB 0x000000008f000000| Untracked 
| 201|0x000000008f100000, 0x000000008f200000, 0x000000008f200000|100%|HS|  |TAMS 0x000000008f200000| PB 0x000000008f100000| Complete 
| 202|0x000000008f200000, 0x000000008f300000, 0x000000008f300000|100%|HS|  |TAMS 0x000000008f300000| PB 0x000000008f200000| Complete 
| 203|0x000000008f300000, 0x000000008f400000, 0x000000008f400000|100%|HS|  |TAMS 0x000000008f400000| PB 0x000000008f300000| Complete 
| 204|0x000000008f400000, 0x000000008f400000, 0x000000008f500000|  0%| F|  |TAMS 0x000000008f400000| PB 0x000000008f400000| Untracked 
| 205|0x000000008f500000, 0x000000008f600000, 0x000000008f600000|100%|HS|  |TAMS 0x000000008f600000| PB 0x000000008f500000| Complete 
| 206|0x000000008f600000, 0x000000008f700000, 0x000000008f700000|100%|HS|  |TAMS 0x000000008f700000| PB 0x000000008f600000| Complete 
| 207|0x000000008f700000, 0x000000008f800000, 0x000000008f800000|100%|HS|  |TAMS 0x000000008f800000| PB 0x000000008f700000| Complete 
| 208|0x000000008f800000, 0x000000008f800000, 0x000000008f900000|  0%| F|  |TAMS 0x000000008f800000| PB 0x000000008f800000| Untracked 
| 209|0x000000008f900000, 0x000000008fa00000, 0x000000008fa00000|100%|HS|  |TAMS 0x000000008fa00000| PB 0x000000008f900000| Complete 
| 210|0x000000008fa00000, 0x000000008fb00000, 0x000000008fb00000|100%|HS|  |TAMS 0x000000008fb00000| PB 0x000000008fa00000| Complete 
| 211|0x000000008fb00000, 0x000000008fb00000, 0x000000008fc00000|  0%| F|  |TAMS 0x000000008fb00000| PB 0x000000008fb00000| Untracked 
| 212|0x000000008fc00000, 0x000000008fd00000, 0x000000008fd00000|100%|HS|  |TAMS 0x000000008fd00000| PB 0x000000008fc00000| Complete 
| 213|0x000000008fd00000, 0x000000008fd00000, 0x000000008fe00000|  0%| F|  |TAMS 0x000000008fd00000| PB 0x000000008fd00000| Untracked 
| 214|0x000000008fe00000, 0x000000008ff00000, 0x000000008ff00000|100%|HS|  |TAMS 0x000000008ff00000| PB 0x000000008fe00000| Complete 
| 215|0x000000008ff00000, 0x0000000090000000, 0x0000000090000000|100%|HS|  |TAMS 0x0000000090000000| PB 0x000000008ff00000| Complete 
| 216|0x0000000090000000, 0x0000000090100000, 0x0000000090100000|100%|HS|  |TAMS 0x0000000090100000| PB 0x0000000090000000| Complete 
| 217|0x0000000090100000, 0x0000000090100000, 0x0000000090200000|  0%| F|  |TAMS 0x0000000090100000| PB 0x0000000090100000| Untracked 
| 218|0x0000000090200000, 0x0000000090300000, 0x0000000090300000|100%|HS|  |TAMS 0x0000000090300000| PB 0x0000000090200000| Complete 
| 219|0x0000000090300000, 0x0000000090400000, 0x0000000090400000|100%|HS|  |TAMS 0x0000000090400000| PB 0x0000000090300000| Complete 
| 220|0x0000000090400000, 0x0000000090500000, 0x0000000090500000|100%|HS|  |TAMS 0x0000000090500000| PB 0x0000000090400000| Complete 
| 221|0x0000000090500000, 0x0000000090500000, 0x0000000090600000|  0%| F|  |TAMS 0x0000000090500000| PB 0x0000000090500000| Untracked 
| 222|0x0000000090600000, 0x0000000090700000, 0x0000000090700000|100%|HS|  |TAMS 0x0000000090700000| PB 0x0000000090600000| Complete 
| 223|0x0000000090700000, 0x0000000090800000, 0x0000000090800000|100%|HS|  |TAMS 0x0000000090800000| PB 0x0000000090700000| Complete 
| 224|0x0000000090800000, 0x0000000090800000, 0x0000000090900000|  0%| F|  |TAMS 0x0000000090800000| PB 0x0000000090800000| Untracked 
| 225|0x0000000090900000, 0x0000000090900000, 0x0000000090a00000|  0%| F|  |TAMS 0x0000000090900000| PB 0x0000000090900000| Untracked 
| 226|0x0000000090a00000, 0x0000000090a00000, 0x0000000090b00000|  0%| F|  |TAMS 0x0000000090a00000| PB 0x0000000090a00000| Untracked 
| 227|0x0000000090b00000, 0x0000000090b00000, 0x0000000090c00000|  0%| F|  |TAMS 0x0000000090b00000| PB 0x0000000090b00000| Untracked 
| 228|0x0000000090c00000, 0x0000000090c00000, 0x0000000090d00000|  0%| F|  |TAMS 0x0000000090c00000| PB 0x0000000090c00000| Untracked 
| 229|0x0000000090d00000, 0x0000000090d00000, 0x0000000090e00000|  0%| F|  |TAMS 0x0000000090d00000| PB 0x0000000090d00000| Untracked 
| 230|0x0000000090e00000, 0x0000000090e00000, 0x0000000090f00000|  0%| F|  |TAMS 0x0000000090e00000| PB 0x0000000090e00000| Untracked 
| 231|0x0000000090f00000, 0x0000000090f00000, 0x0000000091000000|  0%| F|  |TAMS 0x0000000090f00000| PB 0x0000000090f00000| Untracked 
| 232|0x0000000091000000, 0x0000000091000000, 0x0000000091100000|  0%| F|  |TAMS 0x0000000091000000| PB 0x0000000091000000| Untracked 
| 233|0x0000000091100000, 0x0000000091100000, 0x0000000091200000|  0%| F|  |TAMS 0x0000000091100000| PB 0x0000000091100000| Untracked 
| 234|0x0000000091200000, 0x0000000091200000, 0x0000000091300000|  0%| F|  |TAMS 0x0000000091200000| PB 0x0000000091200000| Untracked 
| 235|0x0000000091300000, 0x0000000091300000, 0x0000000091400000|  0%| F|  |TAMS 0x0000000091300000| PB 0x0000000091300000| Untracked 
| 236|0x0000000091400000, 0x0000000091400000, 0x0000000091500000|  0%| F|  |TAMS 0x0000000091400000| PB 0x0000000091400000| Untracked 
| 237|0x0000000091500000, 0x0000000091500000, 0x0000000091600000|  0%| F|  |TAMS 0x0000000091500000| PB 0x0000000091500000| Untracked 
| 238|0x0000000091600000, 0x0000000091600000, 0x0000000091700000|  0%| F|  |TAMS 0x0000000091600000| PB 0x0000000091600000| Untracked 
| 239|0x0000000091700000, 0x0000000091700000, 0x0000000091800000|  0%| F|  |TAMS 0x0000000091700000| PB 0x0000000091700000| Untracked 
| 240|0x0000000091800000, 0x0000000091800000, 0x0000000091900000|  0%| F|  |TAMS 0x0000000091800000| PB 0x0000000091800000| Untracked 
| 241|0x0000000091900000, 0x0000000091900000, 0x0000000091a00000|  0%| F|  |TAMS 0x0000000091900000| PB 0x0000000091900000| Untracked 
| 242|0x0000000091a00000, 0x0000000091a00000, 0x0000000091b00000|  0%| F|  |TAMS 0x0000000091a00000| PB 0x0000000091a00000| Untracked 
| 243|0x0000000091b00000, 0x0000000091b00000, 0x0000000091c00000|  0%| F|  |TAMS 0x0000000091b00000| PB 0x0000000091b00000| Untracked 
| 244|0x0000000091c00000, 0x0000000091c00000, 0x0000000091d00000|  0%| F|  |TAMS 0x0000000091c00000| PB 0x0000000091c00000| Untracked 
| 245|0x0000000091d00000, 0x0000000091d00000, 0x0000000091e00000|  0%| F|  |TAMS 0x0000000091d00000| PB 0x0000000091d00000| Untracked 
| 246|0x0000000091e00000, 0x0000000091e00000, 0x0000000091f00000|  0%| F|  |TAMS 0x0000000091e00000| PB 0x0000000091e00000| Untracked 
| 247|0x0000000091f00000, 0x0000000091f00000, 0x0000000092000000|  0%| F|  |TAMS 0x0000000091f00000| PB 0x0000000091f00000| Untracked 
| 248|0x0000000092000000, 0x0000000092000000, 0x0000000092100000|  0%| F|  |TAMS 0x0000000092000000| PB 0x0000000092000000| Untracked 
| 249|0x0000000092100000, 0x0000000092100000, 0x0000000092200000|  0%| F|  |TAMS 0x0000000092100000| PB 0x0000000092100000| Untracked 
| 250|0x0000000092200000, 0x0000000092200000, 0x0000000092300000|  0%| F|  |TAMS 0x0000000092200000| PB 0x0000000092200000| Untracked 
| 251|0x0000000092300000, 0x0000000092300000, 0x0000000092400000|  0%| F|  |TAMS 0x0000000092300000| PB 0x0000000092300000| Untracked 
| 252|0x0000000092400000, 0x0000000092400000, 0x0000000092500000|  0%| F|  |TAMS 0x0000000092400000| PB 0x0000000092400000| Untracked 
| 253|0x0000000092500000, 0x0000000092500000, 0x0000000092600000|  0%| F|  |TAMS 0x0000000092500000| PB 0x0000000092500000| Untracked 
| 254|0x0000000092600000, 0x0000000092600000, 0x0000000092700000|  0%| F|  |TAMS 0x0000000092600000| PB 0x0000000092600000| Untracked 
| 255|0x0000000092700000, 0x0000000092700000, 0x0000000092800000|  0%| F|  |TAMS 0x0000000092700000| PB 0x0000000092700000| Untracked 
| 256|0x0000000092800000, 0x0000000092800000, 0x0000000092900000|  0%| F|  |TAMS 0x0000000092800000| PB 0x0000000092800000| Untracked 
| 257|0x0000000092900000, 0x0000000092900000, 0x0000000092a00000|  0%| F|  |TAMS 0x0000000092900000| PB 0x0000000092900000| Untracked 
| 258|0x0000000092a00000, 0x0000000092a00000, 0x0000000092b00000|  0%| F|  |TAMS 0x0000000092a00000| PB 0x0000000092a00000| Untracked 
| 259|0x0000000092b00000, 0x0000000092b00000, 0x0000000092c00000|  0%| F|  |TAMS 0x0000000092b00000| PB 0x0000000092b00000| Untracked 
| 260|0x0000000092c00000, 0x0000000092c00000, 0x0000000092d00000|  0%| F|  |TAMS 0x0000000092c00000| PB 0x0000000092c00000| Untracked 
| 261|0x0000000092d00000, 0x0000000092d00000, 0x0000000092e00000|  0%| F|  |TAMS 0x0000000092d00000| PB 0x0000000092d00000| Untracked 
| 262|0x0000000092e00000, 0x0000000092e00000, 0x0000000092f00000|  0%| F|  |TAMS 0x0000000092e00000| PB 0x0000000092e00000| Untracked 
| 263|0x0000000092f00000, 0x0000000093000000, 0x0000000093000000|100%|HS|  |TAMS 0x0000000093000000| PB 0x0000000092f00000| Complete 
| 264|0x0000000093000000, 0x0000000093000000, 0x0000000093100000|  0%| F|  |TAMS 0x0000000093000000| PB 0x0000000093000000| Untracked 
| 265|0x0000000093100000, 0x0000000093200000, 0x0000000093200000|100%|HS|  |TAMS 0x0000000093200000| PB 0x0000000093100000| Complete 
| 266|0x0000000093200000, 0x0000000093200000, 0x0000000093300000|  0%| F|  |TAMS 0x0000000093200000| PB 0x0000000093200000| Untracked 
| 267|0x0000000093300000, 0x0000000093400000, 0x0000000093400000|100%|HS|  |TAMS 0x0000000093400000| PB 0x0000000093300000| Complete 
| 268|0x0000000093400000, 0x0000000093400000, 0x0000000093500000|  0%| F|  |TAMS 0x0000000093400000| PB 0x0000000093400000| Untracked 
| 269|0x0000000093500000, 0x0000000093600000, 0x0000000093600000|100%|HS|  |TAMS 0x0000000093600000| PB 0x0000000093500000| Complete 
| 270|0x0000000093600000, 0x0000000093600000, 0x0000000093700000|  0%| F|  |TAMS 0x0000000093600000| PB 0x0000000093600000| Untracked 
| 271|0x0000000093700000, 0x0000000093800000, 0x0000000093800000|100%|HS|  |TAMS 0x0000000093800000| PB 0x0000000093700000| Complete 
| 272|0x0000000093800000, 0x0000000093800000, 0x0000000093900000|  0%| F|  |TAMS 0x0000000093800000| PB 0x0000000093800000| Untracked 
| 273|0x0000000093900000, 0x0000000093a00000, 0x0000000093a00000|100%|HS|  |TAMS 0x0000000093a00000| PB 0x0000000093900000| Complete 
| 274|0x0000000093a00000, 0x0000000093aa47f8, 0x0000000093b00000| 64%| S|CS|TAMS 0x0000000093a00000| PB 0x0000000093a00000| Complete 
| 275|0x0000000093b00000, 0x0000000093c00000, 0x0000000093c00000|100%|HS|  |TAMS 0x0000000093c00000| PB 0x0000000093b00000| Complete 
| 276|0x0000000093c00000, 0x0000000093c00000, 0x0000000093d00000|  0%| F|  |TAMS 0x0000000093c00000| PB 0x0000000093c00000| Untracked 
| 277|0x0000000093d00000, 0x0000000093e00000, 0x0000000093e00000|100%|HS|  |TAMS 0x0000000093e00000| PB 0x0000000093d00000| Complete 
| 278|0x0000000093e00000, 0x0000000093e00000, 0x0000000093f00000|  0%| F|  |TAMS 0x0000000093e00000| PB 0x0000000093e00000| Untracked 
| 279|0x0000000093f00000, 0x0000000094000000, 0x0000000094000000|100%|HS|  |TAMS 0x0000000094000000| PB 0x0000000093f00000| Complete 
| 280|0x0000000094000000, 0x0000000094100000, 0x0000000094100000|100%|HC|  |TAMS 0x0000000094100000| PB 0x0000000094000000| Complete 
| 281|0x0000000094100000, 0x0000000094200000, 0x0000000094200000|100%|HC|  |TAMS 0x0000000094200000| PB 0x0000000094100000| Complete 
| 282|0x0000000094200000, 0x0000000094300000, 0x0000000094300000|100%|HC|  |TAMS 0x0000000094300000| PB 0x0000000094200000| Complete 
| 283|0x0000000094300000, 0x0000000094400000, 0x0000000094400000|100%|HC|  |TAMS 0x0000000094400000| PB 0x0000000094300000| Complete 
| 284|0x0000000094400000, 0x0000000094500000, 0x0000000094500000|100%|HC|  |TAMS 0x0000000094500000| PB 0x0000000094400000| Complete 
| 285|0x0000000094500000, 0x0000000094600000, 0x0000000094600000|100%|HC|  |TAMS 0x0000000094600000| PB 0x0000000094500000| Complete 
| 286|0x0000000094600000, 0x0000000094700000, 0x0000000094700000|100%|HC|  |TAMS 0x0000000094700000| PB 0x0000000094600000| Complete 
| 287|0x0000000094700000, 0x0000000094800000, 0x0000000094800000|100%|HC|  |TAMS 0x0000000094800000| PB 0x0000000094700000| Complete 
| 288|0x0000000094800000, 0x0000000094800000, 0x0000000094900000|  0%| F|  |TAMS 0x0000000094800000| PB 0x0000000094800000| Untracked 
| 289|0x0000000094900000, 0x0000000094922780, 0x0000000094a00000| 13%| E|  |TAMS 0x0000000094900000| PB 0x0000000094900000| Complete 
| 290|0x0000000094a00000, 0x0000000094b00000, 0x0000000094b00000|100%| E|CS|TAMS 0x0000000094a00000| PB 0x0000000094a00000| Complete 
|2002|0x00000000ffa00000, 0x00000000ffa07f58, 0x00000000ffb00000|  3%| O|  |TAMS 0x00000000ffa07f58| PB 0x00000000ffa07f58| Updating 
|2003|0x00000000ffb00000, 0x00000000ffc00000, 0x00000000ffc00000|100%| O|  |TAMS 0x00000000ffc00000| PB 0x00000000ffc00000| Untracked 
|2004|0x00000000ffc00000, 0x00000000ffd00000, 0x00000000ffd00000|100%| O|  |TAMS 0x00000000ffd00000| PB 0x00000000ffd00000| Updating 
|2005|0x00000000ffd00000, 0x00000000ffe00000, 0x00000000ffe00000|100%| O|  |TAMS 0x00000000ffe00000| PB 0x00000000ffe00000| Untracked 
|2006|0x00000000ffe00000, 0x00000000fff00000, 0x00000000fff00000|100%| O|  |TAMS 0x00000000fff00000| PB 0x00000000fff00000| Untracked 
|2007|0x00000000fff00000, 0x0000000100000000, 0x0000000100000000|100%| O|  |TAMS 0x0000000100000000| PB 0x0000000100000000| Untracked 

Card table byte_map: [0x000001f5f5c20000,0x000001f5f6010000] _byte_map_base: 0x000001f5f580c000

Marking Bits: (CMBitMap*) 0x000001f5e33711f0
 Bits: [0x000001f5f6010000, 0x000001f5f7f70000)

Polling page: 0x000001f5e1250000

Metaspace:

Usage:
  Non-class:     16.09 MB used.
      Class:      2.12 MB used.
       Both:     18.21 MB used.

Virtual space:
  Non-class space:       64.00 MB reserved,      16.19 MB ( 25%) committed,  1 nodes.
      Class space:        1.00 GB reserved,       2.25 MB ( <1%) committed,  1 nodes.
             Both:        1.06 GB reserved,      18.44 MB (  2%) committed. 

Chunk freelists:
   Non-Class:  15.50 MB
       Class:  13.61 MB
        Both:  29.11 MB

MaxMetaspaceSize: unlimited
CompressedClassSpaceSize: 1.00 GB
Initial GC threshold: 21.00 MB
Current GC threshold: 30.25 MB
CDS: on
 - commit_granule_bytes: 65536.
 - commit_granule_words: 8192.
 - virtual_space_node_default_size: 8388608.
 - enlarge_chunks_in_place: 1.
 - use_allocation_guard: 0.


Internal statistics:

num_allocs_failed_limit: 0.
num_arena_births: 220.
num_arena_deaths: 0.
num_vsnodes_births: 2.
num_vsnodes_deaths: 0.
num_space_committed: 295.
num_space_uncommitted: 0.
num_chunks_returned_to_freelist: 0.
num_chunks_taken_from_freelist: 540.
num_chunk_merges: 0.
num_chunk_splits: 356.
num_chunks_enlarged: 223.
num_inconsistent_stats: 0.

CodeHeap 'non-profiled nmethods': size=120000Kb used=1496Kb max_used=1594Kb free=118503Kb
 bounds [0x000001f5edfd0000, 0x000001f5ee240000, 0x000001f5f5500000]
CodeHeap 'profiled nmethods': size=120000Kb used=5536Kb max_used=5840Kb free=114463Kb
 bounds [0x000001f5e6500000, 0x000001f5e6ac0000, 0x000001f5eda30000]
CodeHeap 'non-nmethods': size=5760Kb used=1808Kb max_used=1858Kb free=3951Kb
 bounds [0x000001f5eda30000, 0x000001f5edca0000, 0x000001f5edfd0000]
CodeCache: size=245760Kb, used=8840Kb, max_used=9292Kb, free=236917Kb
 total_blobs=3644, nmethods=2870, adapters=678, full_count=0
Compilation: enabled, stopped_count=0, restarted_count=0

Compilation events (20 events):
Event: 7.062 Thread 0x000001f5fa9d98b0 nmethod 3263 0x000001f5e6aa8690 code [0x000001f5e6aa8aa0, 0x000001f5e6aaa448]
Event: 7.062 Thread 0x000001f5fa9d98b0 3264   !   3       sun.java2d.SunGraphics2D::draw (64 bytes)
Event: 7.063 Thread 0x000001f5fa9d98b0 nmethod 3264 0x000001f5e6aaad90 code [0x000001f5e6aaafc0, 0x000001f5e6aab690]
Event: 7.064 Thread 0x000001f5fa9d98b0 3266       3       sun.java2d.marlin.DMarlinRenderingEngine::strokeTo (397 bytes)
Event: 7.067 Thread 0x000001f5fa9d98b0 nmethod 3266 0x000001f5e6aaba10 code [0x000001f5e6aabd80, 0x000001f5e6aad050]
Event: 7.069 Thread 0x000001f5fa9d98b0 3267       3       org.apache.pdfbox.util.SmallMap::keySet (54 bytes)
Event: 7.070 Thread 0x000001f5fa9d98b0 nmethod 3267 0x000001f5e6aada10 code [0x000001f5e6aadc80, 0x000001f5e6aae6a0]
Event: 7.070 Thread 0x000001f5fa9d98b0 3271       3       java.io.ByteArrayInputStream::<init> (26 bytes)
Event: 7.071 Thread 0x000001f5fa9d98b0 nmethod 3271 0x000001f5e6aae990 code [0x000001f5e6aaeb40, 0x000001f5e6aaed80]
Event: 7.071 Thread 0x000001f5fa9d98b0 3272       3       org.apache.pdfbox.contentstream.operator.text.MoveText::process (165 bytes)
Event: 7.073 Thread 0x000001f5fa9d98b0 nmethod 3272 0x000001f5e6aaee90 code [0x000001f5e6aaf2e0, 0x000001f5e6ab1410]
Event: 7.073 Thread 0x000001f5fa9d98b0 3273       3       org.apache.pdfbox.contentstream.PDFStreamEngine::getTextLineMatrix (8 bytes)
Event: 7.073 Thread 0x000001f5fa9d98b0 nmethod 3273 0x000001f5e6ab1d90 code [0x000001f5e6ab1f60, 0x000001f5e6ab2320]
Event: 7.073 Thread 0x000001f5fa9d98b0 3274       3       org.apache.pdfbox.contentstream.operator.text.ShowText::process (59 bytes)
Event: 7.074 Thread 0x000001f5fa9d98b0 nmethod 3274 0x000001f5e6ab2490 code [0x000001f5e6ab26e0, 0x000001f5e6ab32f0]
Event: 7.075 Thread 0x000001f5fa9d98b0 3275       3       org.apache.pdfbox.contentstream.PDFStreamEngine::getTextMatrix (8 bytes)
Event: 7.078 Thread 0x000001f5fa9d98b0 nmethod 3275 0x000001f5e6ab3610 code [0x000001f5e6ab37e0, 0x000001f5e6ab3ba0]
Event: 7.079 Thread 0x000001f5fa9d98b0 3276       3       org.apache.pdfbox.contentstream.PDFStreamEngine::showTextString (6 bytes)
Event: 7.079 Thread 0x000001f5fa9d98b0 nmethod 3276 0x000001f5e6ab3d10 code [0x000001f5e6ab3ec0, 0x000001f5e6ab4080]
Event: 7.119 Thread 0x000001f5fa9d98b0 3278   !   2       org.apache.pdfbox.pdfparser.COSParser::findObjectKey (459 bytes)

GC Heap History (20 events):
Event: 4.301 GC heap before
{Heap before GC invocations=1 (full 0):
 garbage-first heap   total 129024K, used 89416K [0x0000000082800000, 0x0000000100000000)
  region size 1024K, 25 young (25600K), 3 survivors (3072K)
 Metaspace       used 14286K, committed 14592K, reserved 1114112K
  class space    used 1784K, committed 1920K, reserved 1048576K
}
Event: 4.310 GC heap after
{Heap after GC invocations=2 (full 0):
 garbage-first heap   total 129024K, used 71804K [0x0000000082800000, 0x0000000100000000)
  region size 1024K, 4 young (4096K), 4 survivors (4096K)
 Metaspace       used 14286K, committed 14592K, reserved 1114112K
  class space    used 1784K, committed 1920K, reserved 1048576K
}
Event: 4.532 GC heap before
{Heap before GC invocations=2 (full 0):
 garbage-first heap   total 129024K, used 105596K [0x0000000082800000, 0x0000000100000000)
  region size 1024K, 37 young (37888K), 4 survivors (4096K)
 Metaspace       used 14410K, committed 14720K, reserved 1114112K
  class space    used 1796K, committed 1920K, reserved 1048576K
}
Event: 4.546 GC heap after
{Heap after GC invocations=3 (full 0):
 garbage-first heap   total 129024K, used 76702K [0x0000000082800000, 0x0000000100000000)
  region size 1024K, 5 young (5120K), 5 survivors (5120K)
 Metaspace       used 14410K, committed 14720K, reserved 1114112K
  class space    used 1796K, committed 1920K, reserved 1048576K
}
Event: 4.931 GC heap before
{Heap before GC invocations=4 (full 0):
 garbage-first heap   total 130048K, used 106398K [0x0000000082800000, 0x0000000100000000)
  region size 1024K, 34 young (34816K), 5 survivors (5120K)
 Metaspace       used 15108K, committed 15296K, reserved 1114112K
  class space    used 1891K, committed 1984K, reserved 1048576K
}
Event: 4.938 GC heap after
{Heap after GC invocations=5 (full 0):
 garbage-first heap   total 130048K, used 81811K [0x0000000082800000, 0x0000000100000000)
  region size 1024K, 5 young (5120K), 5 survivors (5120K)
 Metaspace       used 15108K, committed 15296K, reserved 1114112K
  class space    used 1891K, committed 1984K, reserved 1048576K
}
Event: 5.007 GC heap before
{Heap before GC invocations=5 (full 0):
 garbage-first heap   total 130048K, used 111507K [0x0000000082800000, 0x0000000100000000)
  region size 1024K, 34 young (34816K), 5 survivors (5120K)
 Metaspace       used 15109K, committed 15360K, reserved 1114112K
  class space    used 1891K, committed 1984K, reserved 1048576K
}
Event: 5.019 GC heap after
{Heap after GC invocations=6 (full 0):
 garbage-first heap   total 130048K, used 86051K [0x0000000082800000, 0x0000000100000000)
  region size 1024K, 5 young (5120K), 5 survivors (5120K)
 Metaspace       used 15109K, committed 15360K, reserved 1114112K
  class space    used 1891K, committed 1984K, reserved 1048576K
}
Event: 5.509 GC heap before
{Heap before GC invocations=7 (full 0):
 garbage-first heap   total 145408K, used 121891K [0x0000000082800000, 0x0000000100000000)
  region size 1024K, 32 young (32768K), 5 survivors (5120K)
 Metaspace       used 17673K, committed 17920K, reserved 1114112K
  class space    used 2142K, committed 2240K, reserved 1048576K
}
Event: 5.519 GC heap after
{Heap after GC invocations=8 (full 0):
 garbage-first heap   total 145408K, used 100954K [0x0000000082800000, 0x0000000100000000)
  region size 1024K, 4 young (4096K), 4 survivors (4096K)
 Metaspace       used 17673K, committed 17920K, reserved 1114112K
  class space    used 2142K, committed 2240K, reserved 1048576K
}
Event: 6.112 GC heap before
{Heap before GC invocations=8 (full 0):
 garbage-first heap   total 166912K, used 166490K [0x0000000082800000, 0x0000000100000000)
  region size 1024K, 10 young (10240K), 4 survivors (4096K)
 Metaspace       used 18238K, committed 18496K, reserved 1114112K
  class space    used 2167K, committed 2304K, reserved 1048576K
}
Event: 6.121 GC heap after
{Heap after GC invocations=9 (full 0):
 garbage-first heap   total 223232K, used 141702K [0x0000000082800000, 0x0000000100000000)
  region size 1024K, 3 young (3072K), 3 survivors (3072K)
 Metaspace       used 18238K, committed 18496K, reserved 1114112K
  class space    used 2167K, committed 2304K, reserved 1048576K
}
Event: 6.189 GC heap before
{Heap before GC invocations=9 (full 0):
 garbage-first heap   total 223232K, used 142726K [0x0000000082800000, 0x0000000100000000)
  region size 1024K, 5 young (5120K), 3 survivors (3072K)
 Metaspace       used 18299K, committed 18560K, reserved 1114112K
  class space    used 2167K, committed 2304K, reserved 1048576K
}
Event: 6.193 GC heap after
{Heap after GC invocations=10 (full 0):
 garbage-first heap   total 223232K, used 131623K [0x0000000082800000, 0x0000000100000000)
  region size 1024K, 2 young (2048K), 2 survivors (2048K)
 Metaspace       used 18299K, committed 18560K, reserved 1114112K
  class space    used 2167K, committed 2304K, reserved 1048576K
}
Event: 6.692 GC heap before
{Heap before GC invocations=11 (full 0):
 garbage-first heap   total 240640K, used 240167K [0x0000000082800000, 0x0000000100000000)
  region size 1024K, 10 young (10240K), 2 survivors (2048K)
 Metaspace       used 18504K, committed 18816K, reserved 1114112K
  class space    used 2167K, committed 2304K, reserved 1048576K
}
Event: 6.699 GC heap after
{Heap after GC invocations=12 (full 0):
 garbage-first heap   total 244736K, used 193139K [0x0000000082800000, 0x0000000100000000)
  region size 1024K, 4 young (4096K), 4 survivors (4096K)
 Metaspace       used 18504K, committed 18816K, reserved 1114112K
  class space    used 2167K, committed 2304K, reserved 1048576K
}
Event: 7.019 GC heap before
{Heap before GC invocations=12 (full 0):
 garbage-first heap   total 299008K, used 298611K [0x0000000082800000, 0x0000000100000000)
  region size 1024K, 11 young (11264K), 4 survivors (4096K)
 Metaspace       used 18619K, committed 18880K, reserved 1114112K
  class space    used 2167K, committed 2304K, reserved 1048576K
}
Event: 7.026 GC heap after
{Heap after GC invocations=13 (full 0):
 garbage-first heap   total 304128K, used 222630K [0x0000000082800000, 0x0000000100000000)
  region size 1024K, 3 young (3072K), 3 survivors (3072K)
 Metaspace       used 18619K, committed 18880K, reserved 1114112K
  class space    used 2167K, committed 2304K, reserved 1048576K
}
Event: 7.075 GC heap before
{Heap before GC invocations=13 (full 0):
 garbage-first heap   total 304128K, used 223654K [0x0000000082800000, 0x0000000100000000)
  region size 1024K, 5 young (5120K), 3 survivors (3072K)
 Metaspace       used 18640K, committed 18880K, reserved 1114112K
  class space    used 2167K, committed 2304K, reserved 1048576K
}
Event: 7.077 GC heap after
{Heap after GC invocations=14 (full 0):
 garbage-first heap   total 304128K, used 193201K [0x0000000082800000, 0x0000000100000000)
  region size 1024K, 1 young (1024K), 1 survivors (1024K)
 Metaspace       used 18640K, committed 18880K, reserved 1114112K
  class space    used 2167K, committed 2304K, reserved 1048576K
}

Dll operation events (12 events):
Event: 0.024 Loaded shared library C:\Users\songo\.vscode\extensions\redhat.java-1.50.0-win32-x64\jre\21.0.9-win32-x86_64\bin\java.dll
Event: 0.072 Loaded shared library C:\Users\songo\.vscode\extensions\redhat.java-1.50.0-win32-x64\jre\21.0.9-win32-x86_64\bin\zip.dll
Event: 0.165 Loaded shared library C:\Users\songo\.vscode\extensions\redhat.java-1.50.0-win32-x64\jre\21.0.9-win32-x86_64\bin\net.dll
Event: 0.173 Loaded shared library C:\Users\songo\.vscode\extensions\redhat.java-1.50.0-win32-x64\jre\21.0.9-win32-x86_64\bin\nio.dll
Event: 0.185 Loaded shared library C:\Users\songo\.vscode\extensions\redhat.java-1.50.0-win32-x64\jre\21.0.9-win32-x86_64\bin\zip.dll
Event: 0.310 Loaded shared library C:\Users\songo\.vscode\extensions\redhat.java-1.50.0-win32-x64\jre\21.0.9-win32-x86_64\bin\jimage.dll
Event: 0.319 Loaded shared library C:\Users\songo\.vscode\extensions\redhat.java-1.50.0-win32-x64\jre\21.0.9-win32-x86_64\bin\awt.dll
Event: 0.572 Loaded shared library C:\Users\songo\.vscode\extensions\redhat.java-1.50.0-win32-x64\jre\21.0.9-win32-x86_64\bin\freetype.dll
Event: 0.574 Loaded shared library C:\Users\songo\.vscode\extensions\redhat.java-1.50.0-win32-x64\jre\21.0.9-win32-x86_64\bin\fontmanager.dll
Event: 1.306 Loaded shared library C:\Users\songo\.vscode\extensions\redhat.java-1.50.0-win32-x64\jre\21.0.9-win32-x86_64\bin\jsound.dll
Event: 3.652 Loaded shared library C:\Users\songo\.vscode\extensions\redhat.java-1.50.0-win32-x64\jre\21.0.9-win32-x86_64\bin\verify.dll
Event: 4.143 Loaded shared library C:\Users\songo\.vscode\extensions\redhat.java-1.50.0-win32-x64\jre\21.0.9-win32-x86_64\bin\prefs.dll

Deoptimization events (20 events):
Event: 6.812 Thread 0x000001f5ff12d980 DEOPT PACKING pc=0x000001f5e693a1e8 sp=0x00000062de3fe420
Event: 6.812 Thread 0x000001f5ff12d980 DEOPT UNPACKING pc=0x000001f5eda886e2 sp=0x00000062de3fd818 mode 0
Event: 6.908 Thread 0x000001f5ff12d980 DEOPT PACKING pc=0x000001f5e69d26e6 sp=0x00000062de3fe3b0
Event: 6.908 Thread 0x000001f5ff12d980 DEOPT UNPACKING pc=0x000001f5eda886e2 sp=0x00000062de3fd860 mode 0
Event: 6.910 Thread 0x000001f5ff12d980 DEOPT PACKING pc=0x000001f5e6987aed sp=0x00000062de3fe1d0
Event: 6.916 Thread 0x000001f5ff12d980 DEOPT UNPACKING pc=0x000001f5eda886e2 sp=0x00000062de3fd610 mode 0
Event: 6.923 Thread 0x000001f5ff12d980 DEOPT PACKING pc=0x000001f5e69d26e6 sp=0x00000062de3fe710
Event: 6.923 Thread 0x000001f5ff12d980 DEOPT UNPACKING pc=0x000001f5eda886e2 sp=0x00000062de3fdbc0 mode 0
Event: 6.933 Thread 0x000001f5ff12d980 DEOPT PACKING pc=0x000001f5e69d26e6 sp=0x00000062de3fe3b0
Event: 6.933 Thread 0x000001f5ff12d980 DEOPT UNPACKING pc=0x000001f5eda886e2 sp=0x00000062de3fd860 mode 0
Event: 7.027 Thread 0x000001f5ff12d980 Uncommon trap: trap_request=0xffffff6e fr.pc=0x000001f5ee15b1ac relative=0x000000000000028c
Event: 7.028 Thread 0x000001f5ff12d980 Uncommon trap: reason=loop_limit_check action=maybe_recompile pc=0x000001f5ee15b1ac method=java.awt.geom.AffineTransform.transform([DI[DII)V @ 454 c2
Event: 7.028 Thread 0x000001f5ff12d980 DEOPT PACKING pc=0x000001f5ee15b1ac sp=0x00000062de3fe4b0
Event: 7.028 Thread 0x000001f5ff12d980 DEOPT UNPACKING pc=0x000001f5eda87ba2 sp=0x00000062de3fe3d0 mode 2
Event: 7.051 Thread 0x000001f5ff12d980 DEOPT PACKING pc=0x000001f5e6a26624 sp=0x00000062de3fdf60
Event: 7.051 Thread 0x000001f5ff12d980 DEOPT UNPACKING pc=0x000001f5eda886e2 sp=0x00000062de3fd340 mode 0
Event: 7.058 Thread 0x000001f5ff12d980 DEOPT PACKING pc=0x000001f5e6a26624 sp=0x00000062de3fe300
Event: 7.058 Thread 0x000001f5ff12d980 DEOPT UNPACKING pc=0x000001f5eda886e2 sp=0x00000062de3fd6e0 mode 0
Event: 7.074 Thread 0x000001f5ff12d980 DEOPT PACKING pc=0x000001f5e6a26624 sp=0x00000062de3fe000
Event: 7.074 Thread 0x000001f5ff12d980 DEOPT UNPACKING pc=0x000001f5eda886e2 sp=0x00000062de3fd3e0 mode 0

Classes loaded (20 events):
Event: 5.541 Loading class jdk/internal/jimage/decompressor/ResourceDecompressorRepository
Event: 5.541 Loading class jdk/internal/jimage/decompressor/ResourceDecompressorRepository done
Event: 5.541 Loading class jdk/internal/jimage/decompressor/ZipDecompressorFactory
Event: 5.541 Loading class jdk/internal/jimage/decompressor/ResourceDecompressorFactory
Event: 5.541 Loading class jdk/internal/jimage/decompressor/ResourceDecompressorFactory done
Event: 5.541 Loading class jdk/internal/jimage/decompressor/ZipDecompressorFactory done
Event: 5.541 Loading class jdk/internal/jimage/decompressor/StringSharingDecompressorFactory
Event: 5.542 Loading class jdk/internal/jimage/decompressor/StringSharingDecompressorFactory done
Event: 5.542 Loading class jdk/internal/jimage/decompressor/ZipDecompressor
Event: 5.542 Loading class jdk/internal/jimage/decompressor/ResourceDecompressor
Event: 5.542 Loading class jdk/internal/jimage/decompressor/ResourceDecompressor done
Event: 5.542 Loading class jdk/internal/jimage/decompressor/ZipDecompressor done
Event: 5.542 Loading class sun/net/www/protocol/jrt/Handler
Event: 5.542 Loading class sun/net/www/protocol/jrt/Handler done
Event: 5.619 Loading class java/awt/geom/Path2D$Double$TxIterator
Event: 5.619 Loading class java/awt/geom/Path2D$Double$TxIterator done
Event: 5.725 Loading class java/awt/geom/QuadCurve2D
Event: 5.725 Loading class java/awt/geom/QuadCurve2D done
Event: 5.727 Loading class java/lang/FdLibm$Acos
Event: 5.727 Loading class java/lang/FdLibm$Acos done

Classes unloaded (0 events):
No events

Classes redefined (0 events):
No events

Internal exceptions (19 events):
Event: 0.262 Thread 0x000001f5e331d1d0 Exception <a 'java/lang/NoSuchMethodError'{0x000000008a1032d8}: 'void java.lang.invoke.DirectMethodHandle$Holder.invokeStatic(java.lang.Object, java.lang.Object, java.lang.Object)'> (0x000000008a1032d8) 
thrown [s\src\hotspot\share\interpreter\linkResolver.cpp, line 773]
Event: 0.296 Thread 0x000001f5e331d1d0 Exception <a 'java/lang/ClassNotFoundException'{0x000000008a14bf98}: sun/awt/resources/spi/awtProvider> (0x000000008a14bf98) 
thrown [s\src\hotspot\share\classfile\systemDictionary.cpp, line 312]
Event: 0.338 Thread 0x000001f5e331d1d0 Exception <a 'java/io/FileNotFoundException'{0x000000008a1a7990}> (0x000000008a1a7990) 
thrown [s\src\hotspot\share\prims\jni.cpp, line 520]
Event: 0.351 Thread 0x000001f5e331d1d0 Exception <a 'java/io/FileNotFoundException'{0x000000008a1d2520}> (0x000000008a1d2520) 
thrown [s\src\hotspot\share\prims\jni.cpp, line 520]
Event: 0.532 Thread 0x000001f5faddcda0 Exception <a 'java/lang/NoSuchMethodError'{0x0000000089e843d8}: 'void java.lang.invoke.DirectMethodHandle$Holder.invokeVirtual(java.lang.Object, java.lang.Object)'> (0x0000000089e843d8) 
thrown [s\src\hotspot\share\interpreter\linkResolver.cpp, line 773]
Event: 0.563 Thread 0x000001f5e331d1d0 Exception <a 'java/lang/NoSuchMethodError'{0x0000000089d637a8}: 'void java.lang.invoke.DirectMethodHandle$Holder.invokeStaticInit(java.lang.Object)'> (0x0000000089d637a8) 
thrown [s\src\hotspot\share\interpreter\linkResolver.cpp, line 773]
Event: 0.583 Thread 0x000001f5e331d1d0 Exception <a 'java/io/FileNotFoundException'{0x0000000089d70568}> (0x0000000089d70568) 
thrown [s\src\hotspot\share\prims\jni.cpp, line 520]
Event: 1.004 Thread 0x000001f5e331d1d0 Exception <a 'java/lang/NoSuchMethodError'{0x0000000089b50ff8}: 'void java.lang.invoke.DirectMethodHandle$Holder.invokeSpecial(java.lang.Object, java.lang.Object, java.lang.Object)'> (0x0000000089b50ff8) 
thrown [s\src\hotspot\share\interpreter\linkResolver.cpp, line 773]
Event: 1.021 Thread 0x000001f5e331d1d0 Exception <a 'java/lang/NoSuchMethodError'{0x0000000089b76f10}: 'java.lang.Object java.lang.invoke.DirectMethodHandle$Holder.newInvokeSpecial(java.lang.Object, java.lang.Object, java.lang.Object, java.lang.Object, java.lang.Object)'> (0x0000000089b76f10) 
thrown [s\src\hotspot\share\interpreter\linkResolver.cpp, line 773]
Event: 1.033 Thread 0x000001f5e331d1d0 Exception <a 'java/lang/NoSuchMethodError'{0x0000000089ba3758}: 'java.lang.Object java.lang.invoke.DirectMethodHandle$Holder.invokeStatic(java.lang.Object, int, java.lang.Object)'> (0x0000000089ba3758) 
thrown [s\src\hotspot\share\interpreter\linkResolver.cpp, line 773]
Event: 1.074 Thread 0x000001f5e331d1d0 Exception <a 'java/lang/ClassNotFoundException'{0x0000000089a44438}: com/sun/swing/internal/plaf/metal/resources/spi/metalProvider> (0x0000000089a44438) 
thrown [s\src\hotspot\share\classfile\systemDictionary.cpp, line 312]
Event: 1.076 Thread 0x000001f5e331d1d0 Exception <a 'java/lang/ClassNotFoundException'{0x0000000089a49160}: com/sun/swing/internal/plaf/basic/resources/spi/basicProvider> (0x0000000089a49160) 
thrown [s\src\hotspot\share\classfile\systemDictionary.cpp, line 312]
Event: 1.101 Thread 0x000001f5e331d1d0 Exception <a 'java/lang/NoSuchMethodError'{0x0000000089a6bda0}: 'int java.lang.invoke.Invokers$Holder.invokeExact_MT(java.lang.Object, java.lang.Object)'> (0x0000000089a6bda0) 
thrown [s\src\hotspot\share\interpreter\linkResolver.cpp, line 773]
Event: 1.538 Thread 0x000001f5ff12d980 Exception <a 'java/lang/NoSuchMethodError'{0x000000008a436af0}: 'int java.lang.invoke.DirectMethodHandle$Holder.invokeSpecial(java.lang.Object, java.lang.Object, java.lang.Object)'> (0x000000008a436af0) 
thrown [s\src\hotspot\share\interpreter\linkResolver.cpp, line 773]
Event: 1.774 Thread 0x000001f5ff12d980 Exception <a 'java/lang/NoSuchMethodError'{0x000000008a35ceb8}: 'void java.lang.invoke.DirectMethodHandle$Holder.invokeStatic(java.lang.Object, java.lang.Object)'> (0x000000008a35ceb8) 
thrown [s\src\hotspot\share\interpreter\linkResolver.cpp, line 773]
Event: 1.882 Thread 0x000001f5ff12d980 Exception <a 'java/lang/NoSuchMethodError'{0x000000008a3d0348}: 'int java.lang.invoke.DirectMethodHandle$Holder.invokeStatic(java.lang.Object)'> (0x000000008a3d0348) 
thrown [s\src\hotspot\share\interpreter\linkResolver.cpp, line 773]
Event: 4.094 Thread 0x000001f5ff12d980 Exception <a 'java/lang/NoSuchMethodError'{0x0000000089bead98}: 'void java.lang.invoke.DirectMethodHandle$Holder.invokeStatic(java.lang.Object, java.lang.Object, java.lang.Object, java.lang.Object)'> (0x0000000089bead98) 
thrown [s\src\hotspot\share\interpreter\linkResolver.cpp, line 773]
Event: 4.324 Thread 0x000001f5ff12d980 Exception <a 'java/lang/NoSuchMethodError'{0x000000008a542010}: 'java.lang.Object java.lang.invoke.DirectMethodHandle$Holder.invokeSpecial(java.lang.Object, java.lang.Object, java.lang.Object, int, java.lang.Object)'> (0x000000008a542010) 
thrown [s\src\hotspot\share\interpreter\linkResolver.cpp, line 773]
Event: 5.143 Thread 0x000001f5ff12d980 Exception <a 'java/lang/NoClassDefFoundError'{0x000000008aa9b9e0}: org/apache/log4j/Priority> (0x000000008aa9b9e0) 
thrown [s\src\hotspot\share\classfile\systemDictionary.cpp, line 301]

ZGC Phase Switch (0 events):
No events

VM Operations (20 events):
Event: 5.150 Executing VM operation: HandshakeAllThreads (Deoptimize) done
Event: 5.369 Executing VM operation: HandshakeAllThreads (Deoptimize)
Event: 5.369 Executing VM operation: HandshakeAllThreads (Deoptimize) done
Event: 5.509 Executing VM operation: G1CollectForAllocation (G1 Evacuation Pause)
Event: 5.519 Executing VM operation: G1CollectForAllocation (G1 Evacuation Pause) done
Event: 6.112 Executing VM operation: G1CollectForAllocation (G1 Evacuation Pause)
Event: 6.121 Executing VM operation: G1CollectForAllocation (G1 Evacuation Pause) done
Event: 6.189 Executing VM operation: G1TryInitiateConcMark (G1 Humongous Allocation)
Event: 6.193 Executing VM operation: G1TryInitiateConcMark (G1 Humongous Allocation) done
Event: 6.243 Executing VM operation: G1PauseRemark
Event: 6.250 Executing VM operation: G1PauseRemark done
Event: 6.268 Executing VM operation: G1PauseCleanup
Event: 6.269 Executing VM operation: G1PauseCleanup done
Event: 6.692 Executing VM operation: G1CollectForAllocation (G1 Evacuation Pause)
Event: 6.700 Executing VM operation: G1CollectForAllocation (G1 Evacuation Pause) done
Event: 7.019 Executing VM operation: G1CollectForAllocation (G1 Evacuation Pause)
Event: 7.026 Executing VM operation: G1CollectForAllocation (G1 Evacuation Pause) done
Event: 7.075 Executing VM operation: G1TryInitiateConcMark (G1 Humongous Allocation)
Event: 7.077 Executing VM operation: G1TryInitiateConcMark (G1 Humongous Allocation) done
Event: 7.122 Executing VM operation: G1PauseRemark

Memory protections (0 events):
No events

Nmethod flushes (20 events):
Event: 7.128 Thread 0x000001f5fa9a3d00 flushing  nmethod 0x000001f5e689d110
Event: 7.128 Thread 0x000001f5fa9a3d00 flushing  nmethod 0x000001f5e689d510
Event: 7.128 Thread 0x000001f5fa9a3d00 flushing  nmethod 0x000001f5e689dc10
Event: 7.128 Thread 0x000001f5fa9a3d00 flushing  nmethod 0x000001f5e68b8110
Event: 7.128 Thread 0x000001f5fa9a3d00 flushing  nmethod 0x000001f5e68b8510
Event: 7.128 Thread 0x000001f5fa9a3d00 flushing  nmethod 0x000001f5e6604110
Event: 7.128 Thread 0x000001f5fa9a3d00 flushing  nmethod 0x000001f5e663cc10
Event: 7.128 Thread 0x000001f5fa9a3d00 flushing  nmethod 0x000001f5e664fd10
Event: 7.128 Thread 0x000001f5fa9a3d00 flushing  nmethod 0x000001f5e690cf90
Event: 7.128 Thread 0x000001f5fa9a3d00 flushing  nmethod 0x000001f5e68fda90
Event: 7.128 Thread 0x000001f5fa9a3d00 flushing  nmethod 0x000001f5e68fde90
Event: 7.128 Thread 0x000001f5fa9a3d00 flushing  nmethod 0x000001f5e68fe290
Event: 7.128 Thread 0x000001f5fa9a3d00 flushing  nmethod 0x000001f5e68fea10
Event: 7.128 Thread 0x000001f5fa9a3d00 flushing  nmethod 0x000001f5e694a710
Event: 7.128 Thread 0x000001f5fa9a3d00 flushing  nmethod 0x000001f5e6950b90
Event: 7.128 Thread 0x000001f5fa9a3d00 flushing  nmethod 0x000001f5e6955810
Event: 7.128 Thread 0x000001f5fa9a3d00 flushing  nmethod 0x000001f5e695d890
Event: 7.128 Thread 0x000001f5fa9a3d00 flushing  nmethod 0x000001f5e6964710
Event: 7.128 Thread 0x000001f5fa9a3d00 flushing  nmethod 0x000001f5e6964e90
Event: 7.128 Thread 0x000001f5fa9a3d00 flushing  nmethod 0x000001f5e6965810

Events (20 events):
Event: 1.150 Thread 0x000001f5e331d1d0 Thread added: 0x000001f5ff197b10
Event: 1.240 Thread 0x000001f5e331d1d0 Thread added: 0x000001f5ff12d980
Event: 1.241 Thread 0x000001f5e331d1d0 Thread exited: 0x000001f5e331d1d0
Event: 1.241 Thread 0x000001f5e331d1d0 Thread added: 0x000001f5e331d1d0
Event: 4.134 Thread 0x000001f5ff12d980 Thread added: 0x000001f5c399a750
Event: 4.139 Thread 0x000001f5c399a750 Thread exited: 0x000001f5c399a750
Event: 4.167 Thread 0x000001f5fa9d98b0 Thread added: 0x000001f5c3a0f600
Event: 4.790 Thread 0x000001f5ff12d980 Thread added: 0x000001f5c3998d10
Event: 4.849 Thread 0x000001f5ff12d980 Thread added: 0x000001f5c399ade0
Event: 4.849 Thread 0x000001f5ff12d980 Thread added: 0x000001f5c399a0c0
Event: 4.857 Thread 0x000001f5ff12d980 Thread added: 0x000001f5c399bb00
Event: 4.873 Thread 0x000001f5ff12d980 Thread added: 0x000001f5c3998680
Event: 5.084 Thread 0x000001f5ff12d980 Thread added: 0x000001f5c39993a0
Event: 5.084 Thread 0x000001f5ff12d980 Thread added: 0x000001f5c3999a30
Event: 5.089 Thread 0x000001f5ff12d980 Thread added: 0x000001f5c399a750
Event: 5.089 Thread 0x000001f5ff12d980 Thread added: 0x000001f5c3c8a5c0
Event: 5.089 Thread 0x000001f5ff12d980 Thread added: 0x000001f5c3c8b2e0
Event: 5.089 Thread 0x000001f5ff12d980 Thread added: 0x000001f5c3c8c690
Event: 6.153 Thread 0x000001f5ff17be50 Thread exited: 0x000001f5ff17be50
Event: 6.154 Thread 0x000001f5ff197b10 Thread exited: 0x000001f5ff197b10


Dynamic libraries:
0x00007ff6b6b00000 - 0x00007ff6b6b0e000 	C:\Users\songo\.vscode\extensions\redhat.java-1.50.0-win32-x64\jre\21.0.9-win32-x86_64\bin\java.exe
0x00007ffa30760000 - 0x00007ffa309c7000 	C:\WINDOWS\SYSTEM32\ntdll.dll
0x00007ff9f5760000 - 0x00007ff9f5780000 	C:\Program Files\Norton\Suite\aswhook.dll
0x00007ffa2ff00000 - 0x00007ffa2ffc9000 	C:\WINDOWS\System32\KERNEL32.DLL
0x00007ffa2dab0000 - 0x00007ffa2de9f000 	C:\WINDOWS\System32\KERNELBASE.dll
0x00007ffa2a580000 - 0x00007ffa2a61f000 	C:\WINDOWS\SYSTEM32\apphelp.dll
0x00007ff9cfd50000 - 0x00007ff9cfd68000 	C:\Users\songo\.vscode\extensions\redhat.java-1.50.0-win32-x64\jre\21.0.9-win32-x86_64\bin\jli.dll
0x00007ffa30360000 - 0x00007ffa30525000 	C:\WINDOWS\System32\USER32.dll
0x00007ff9ca280000 - 0x00007ff9ca29e000 	C:\Users\songo\.vscode\extensions\redhat.java-1.50.0-win32-x64\jre\21.0.9-win32-x86_64\bin\VCRUNTIME140.dll
0x00007ffa2e2a0000 - 0x00007ffa2e2c7000 	C:\WINDOWS\System32\win32u.dll
0x00007ffa2e9e0000 - 0x00007ffa2ea0b000 	C:\WINDOWS\System32\GDI32.dll
0x00007ffa2df40000 - 0x00007ffa2e06c000 	C:\WINDOWS\System32\gdi32full.dll
0x00007ffa2d8b0000 - 0x00007ffa2d9fb000 	C:\WINDOWS\System32\ucrtbase.dll
0x00007ffa2e450000 - 0x00007ffa2e4f3000 	C:\WINDOWS\System32\msvcp_win.dll
0x00007ffa01550000 - 0x00007ffa017e3000 	C:\WINDOWS\WinSxS\amd64_microsoft.windows.common-controls_6595b64144ccf1df_6.0.26100.7309_none_3e05feeae336a044\COMCTL32.dll
0x00007ffa2e6e0000 - 0x00007ffa2e789000 	C:\WINDOWS\System32\msvcrt.dll
0x00007ffa300f0000 - 0x00007ffa30121000 	C:\WINDOWS\System32\IMM32.DLL
0x00007ff9ef260000 - 0x00007ff9ef26c000 	C:\Users\songo\.vscode\extensions\redhat.java-1.50.0-win32-x64\jre\21.0.9-win32-x86_64\bin\vcruntime140_1.dll
0x00007ff9c8b20000 - 0x00007ff9c8bad000 	C:\Users\songo\.vscode\extensions\redhat.java-1.50.0-win32-x64\jre\21.0.9-win32-x86_64\bin\msvcp140.dll
0x00007ff985fd0000 - 0x00007ff986d70000 	C:\Users\songo\.vscode\extensions\redhat.java-1.50.0-win32-x64\jre\21.0.9-win32-x86_64\bin\server\jvm.dll
0x00007ffa30660000 - 0x00007ffa30714000 	C:\WINDOWS\System32\ADVAPI32.dll
0x00007ffa2e790000 - 0x00007ffa2e836000 	C:\WINDOWS\System32\sechost.dll
0x00007ffa30140000 - 0x00007ffa30258000 	C:\WINDOWS\System32\RPCRT4.dll
0x00007ffa2ffd0000 - 0x00007ffa30044000 	C:\WINDOWS\System32\WS2_32.dll
0x00007ffa2d710000 - 0x00007ffa2d76e000 	C:\WINDOWS\SYSTEM32\POWRPROF.dll
0x00007ffa24d90000 - 0x00007ffa24dc5000 	C:\WINDOWS\SYSTEM32\WINMM.dll
0x00007ffa1e9e0000 - 0x00007ffa1e9eb000 	C:\WINDOWS\SYSTEM32\VERSION.dll
0x00007ffa2d6e0000 - 0x00007ffa2d6f4000 	C:\WINDOWS\SYSTEM32\UMPDC.dll
0x00007ffa2c660000 - 0x00007ffa2c67b000 	C:\WINDOWS\SYSTEM32\kernel.appcore.dll
0x00007ff9ef170000 - 0x00007ff9ef17a000 	C:\Users\songo\.vscode\extensions\redhat.java-1.50.0-win32-x64\jre\21.0.9-win32-x86_64\bin\jimage.dll
0x00007ffa2aff0000 - 0x00007ffa2b232000 	C:\WINDOWS\SYSTEM32\DBGHELP.DLL
0x00007ffa2f9f0000 - 0x00007ffa2fd75000 	C:\WINDOWS\System32\combase.dll
0x00007ffa2fe20000 - 0x00007ffa2fef6000 	C:\WINDOWS\System32\OLEAUT32.dll
0x00007ffa19010000 - 0x00007ffa1904c000 	C:\WINDOWS\SYSTEM32\dbgcore.DLL
0x00007ffa2da00000 - 0x00007ffa2daa5000 	C:\WINDOWS\System32\bcryptPrimitives.dll
0x00007ff9ca390000 - 0x00007ff9ca3b0000 	C:\Users\songo\.vscode\extensions\redhat.java-1.50.0-win32-x64\jre\21.0.9-win32-x86_64\bin\java.dll
0x00007ffa2eb90000 - 0x00007ffa2f2e3000 	C:\WINDOWS\System32\SHELL32.dll
0x00007ffa2e070000 - 0x00007ffa2e1da000 	C:\WINDOWS\System32\wintypes.dll
0x00007ffa2b4b0000 - 0x00007ffa2bd0e000 	C:\WINDOWS\SYSTEM32\windows.storage.dll
0x00007ffa30560000 - 0x00007ffa30655000 	C:\WINDOWS\System32\SHCORE.dll
0x00007ffa2f3b0000 - 0x00007ffa2f416000 	C:\WINDOWS\System32\shlwapi.dll
0x00007ffa2d7d0000 - 0x00007ffa2d7f9000 	C:\WINDOWS\SYSTEM32\profapi.dll
0x00007ff9ca370000 - 0x00007ff9ca388000 	C:\Users\songo\.vscode\extensions\redhat.java-1.50.0-win32-x64\jre\21.0.9-win32-x86_64\bin\zip.dll
0x00007ff9ee9a0000 - 0x00007ff9ee9b0000 	C:\Users\songo\.vscode\extensions\redhat.java-1.50.0-win32-x64\jre\21.0.9-win32-x86_64\bin\net.dll
0x00007ffa266f0000 - 0x00007ffa26818000 	C:\WINDOWS\SYSTEM32\WINHTTP.dll
0x00007ffa2cbd0000 - 0x00007ffa2cc3b000 	C:\WINDOWS\system32\mswsock.dll
0x00007ff9ca350000 - 0x00007ff9ca366000 	C:\Users\songo\.vscode\extensions\redhat.java-1.50.0-win32-x64\jre\21.0.9-win32-x86_64\bin\nio.dll
0x00007ff9d1a40000 - 0x00007ff9d1bcf000 	C:\Users\songo\.vscode\extensions\redhat.java-1.50.0-win32-x64\jre\21.0.9-win32-x86_64\bin\awt.dll
0x00007ffa2a730000 - 0x00007ffa2a7db000 	C:\WINDOWS\system32\uxtheme.dll
0x00007ffa2ea20000 - 0x00007ffa2eb7e000 	C:\WINDOWS\System32\MSCTF.dll
0x00007ffa2e840000 - 0x00007ffa2e9d7000 	C:\WINDOWS\System32\ole32.dll
0x00007ffa2a9c0000 - 0x00007ffa2a9f0000 	C:\WINDOWS\system32\DWMAPI.DLL
0x00007ff9e8080000 - 0x00007ff9e8190000 	C:\WINDOWS\system32\opengl32.dll
0x00007ff9e8520000 - 0x00007ff9e854d000 	C:\WINDOWS\SYSTEM32\GLU32.dll
0x00007ffa2aa30000 - 0x00007ffa2aa74000 	C:\WINDOWS\SYSTEM32\dxcore.dll
0x00007ff9ec860000 - 0x00007ff9ec8e7000 	C:\Users\songo\.vscode\extensions\redhat.java-1.50.0-win32-x64\jre\21.0.9-win32-x86_64\bin\freetype.dll
0x00007ff9d5920000 - 0x00007ff9d5a12000 	C:\Users\songo\.vscode\extensions\redhat.java-1.50.0-win32-x64\jre\21.0.9-win32-x86_64\bin\fontmanager.dll
0x00007ffa09870000 - 0x00007ffa099b8000 	C:\WINDOWS\SYSTEM32\textinputframework.dll
0x00007ff9ea940000 - 0x00007ff9ea9b9000 	C:\WINDOWS\system32\Oleacc.dll
0x00007ffa2f2f0000 - 0x00007ffa2f3a0000 	C:\WINDOWS\System32\clbcatq.dll
0x00007ffa09760000 - 0x00007ffa097be000 	C:\WINDOWS\system32\ApplicationTargetedFeatureDatabase.dll
0x00007ffa1e780000 - 0x00007ffa1e9c4000 	C:\Windows\System32\twinapi.appcore.dll
0x00007ffa0ecf0000 - 0x00007ffa0ed02000 	C:\Users\songo\.vscode\extensions\redhat.java-1.50.0-win32-x64\jre\21.0.9-win32-x86_64\bin\jsound.dll
0x00007ff9ec5d0000 - 0x00007ff9ec664000 	C:\WINDOWS\SYSTEM32\DSOUND.dll
0x00007ff9ff920000 - 0x00007ff9ff956000 	C:\WINDOWS\SYSTEM32\winmmbase.dll
0x00007ff9db730000 - 0x00007ff9db7e1000 	C:\WINDOWS\SYSTEM32\ResampleDmo.DLL
0x00007ff9f0cf0000 - 0x00007ff9f0cfe000 	C:\WINDOWS\SYSTEM32\msdmo.dll
0x00007ffa290f0000 - 0x00007ffa29217000 	C:\WINDOWS\SYSTEM32\CoreMessaging.dll
0x00007ffa268e0000 - 0x00007ffa26bc2000 	C:\WINDOWS\SYSTEM32\CoreUIComponents.dll
0x00007ffa18ec0000 - 0x00007ffa18f57000 	C:\WINDOWS\SYSTEM32\MMDevAPI.DLL
0x00007ffa2ceb0000 - 0x00007ffa2cebc000 	C:\WINDOWS\SYSTEM32\CRYPTBASE.DLL
0x00007ff9cfd70000 - 0x00007ff9cfdb7000 	C:\WINDOWS\SYSTEM32\wdmaud.drv
0x00007ffa2d450000 - 0x00007ffa2d47d000 	C:\WINDOWS\SYSTEM32\DEVOBJ.dll
0x00007ffa2d3f0000 - 0x00007ffa2d447000 	C:\WINDOWS\SYSTEM32\cfgmgr32.dll
0x00007ff9fca80000 - 0x00007ff9fcc34000 	C:\WINDOWS\SYSTEM32\AUDIOSES.DLL
0x00007ff9cfe30000 - 0x00007ff9cfe3f000 	C:\WINDOWS\SYSTEM32\msacm32.drv
0x00007ff99b4f0000 - 0x00007ff99b511000 	C:\WINDOWS\SYSTEM32\MSACM32.dll
0x00007ff9e6320000 - 0x00007ff9e632c000 	C:\WINDOWS\SYSTEM32\midimap.dll
0x00007ff9ed980000 - 0x00007ff9ed990000 	C:\Users\songo\.vscode\extensions\redhat.java-1.50.0-win32-x64\jre\21.0.9-win32-x86_64\bin\verify.dll
0x00007ffa29220000 - 0x00007ffa29229000 	C:\Users\songo\.vscode\extensions\redhat.java-1.50.0-win32-x64\jre\21.0.9-win32-x86_64\bin\prefs.dll
0x00007ffa0e6c0000 - 0x00007ffa0e812000 	C:\Windows\System32\Windows.UI.dll
0x00007ffa2ae40000 - 0x00007ffa2ae54000 	C:\WINDOWS\SYSTEM32\resourcepolicyclient.dll
0x00007ffa26e50000 - 0x00007ffa26e5b000 	C:\WINDOWS\SYSTEM32\avrt.dll

JVMTI agents: none

dbghelp: loaded successfully - version: 4.0.5 - missing functions: none
symbol engine: initialized successfully - sym options: 0x614 - pdb path: .;C:\Users\songo\.vscode\extensions\redhat.java-1.50.0-win32-x64\jre\21.0.9-win32-x86_64\bin;C:\WINDOWS\SYSTEM32;C:\Program Files\Norton\Suite;C:\WINDOWS\WinSxS\amd64_microsoft.windows.common-controls_6595b64144ccf1df_6.0.26100.7309_none_3e05feeae336a044;C:\Users\songo\.vscode\extensions\redhat.java-1.50.0-win32-x64\jre\21.0.9-win32-x86_64\bin\server

VM Arguments:
jvm_args: -Dfile.encoding=UTF-8 -Duser.country=JP -Duser.language=ja -Duser.variant 
java_command: jp.kthrlab.pianorollsample.MyApp
java_class_path (initial): C:\Users\songo\PianoPerformanceSupport\pianoroll-sample\build\classes\java\main;C:\Users\songo\PianoPerformanceSupport\pianoroll-sample\build\classes\kotlin\main;C:\Users\songo\PianoPerformanceSupport\pianoroll-sample\build\resources\main;C:\Users\songo\PianoPerformanceSupport\pianoroll-sample\libs\cmx_jre.jar;C:\Users\songo\PianoPerformanceSupport\pianoroll-sample\libs\commons-math-2.2.jar;C:\Users\songo\PianoPerformanceSupport\pianoroll-sample\libs\commons-math3-3.6.1.jar;C:\Users\songo\PianoPerformanceSupport\pianoroll-sample\libs\core-4.4.4.jar;C:\Users\songo\PianoPerformanceSupport\pianoroll-sample\libs\groovy-2.5.6.jar;C:\Users\songo\PianoPerformanceSupport\pianoroll-sample\libs\guava-28.1-jre.jar;C:\Users\songo\PianoPerformanceSupport\pianoroll-sample\libs\jahmm-0.6.2.jar;C:\Users\songo\PianoPerformanceSupport\pianoroll-sample\libs\jlayer-1.0.1.jar;C:\Users\songo\PianoPerformanceSupport\pianoroll-sample\libs\xalan-2.7.2.jar;C:\Users\songo\PianoPerformanceSupport\pianoroll-sample\libs\xercesImpl-2.9.1.jar;C:\Users\songo\PianoPerformanceSupport\pianoroll-sample\libs\xml-resolver-1.2.jar;C:\Users\songo\PianoPerformanceSupport\pianoroll\build\libs\pianoroll-1.0-SNAPSHOT.jar;C:\Users\songo\PianoPerformanceSupport\pianoroll\libs\cmx_jre.jar;C:\Users\songo\PianoPerformanceSupport\pianoroll\libs\commons-math-2.2.jar;C:\Users\songo\PianoPerformanceSupport\pianoroll\libs\commons-math3-3.6.1.jar;C:\Users\songo\PianoPerformanceSupport\pianoroll\libs\core-4.4.4.jar;C:\Users\songo\PianoPerformanceSupport\pianoroll\libs\groovy-2.5.6.jar;C:\Users\songo\PianoPerformanceSupport\pianoroll\libs\guava-28.1-jre.jar;C:\Users\songo\PianoPerformanceSupport\pianoroll\libs\jahmm-0.6.2.jar;C:\Users\songo\PianoPerformanceSupport\pianoroll\libs\jlayer-1.0.1.jar;C:\Users\songo\PianoPerformanceSupport\pianoroll\libs\xalan-2.7.2.jar;C:\Users\songo\PianoPerformanceSupport\pianoroll\libs\xercesImpl-2.9.1.jar;C:\Users\songo\PianoPerformanceSupport\pianoroll\libs\xml-resolver-1.2.jar;C:\Users\songo\.gradle\caches\modules-2\files-2.1\org.jetbrains.kotlin\kotlin-stdlib-jdk8\2.1.21\fb62497994f5cfa4ad41fcff05020c35976307c6\kotlin-stdlib-jdk8-2.1.21.jar;C:\Users\songo\.gradle\caches\modules-2\files-2.1\org.jetbrains.kotlin\kotlin-stdlib-jdk7\2.1.21\f5e72fe5f9501e0d27ec633beb3996c29641b877\kotlin-stdlib-jdk7-2.1.21.jar;C:\Users\songo\.gradle\caches\modules-2\files-2.1\org.jetbrains.kotlin\kotlin-stdlib\2.1.21\97a0975aa19d925e109537af60eb46902920015c\kotlin-stdlib-2.1.21.jar;C:\Users\songo\.gradle\caches\modules-2\files-2.1\org.apache.pdfbox\pdfbox\2.0.30\730753a91f7f2c574eb09a8af7288065d1e551bd\pdfbox-2.0.30.jar;C:\Users\songo\.gradle\caches\modules-2\files-2.1\org.jetbrains\annotations\13.0\919f0dfe192fb4e063e7dacadee7f8bb9a2672a9\annotations-13.0.jar;C:\Users\songo\.gradle\caches\modules-2\files-2.1\org.apache.pdfbox\fontbox\2.0.30\555e5d59a4d83c95c4330f018a6c32861880b6df\fontbox-2.0.30.jar;C:\Users\songo\.gradle\caches\modules-2\files-2.1\commons-logging\commons-logging\1.2\4bfc12adfe4842bf07b657f0369c4cb522955686\commons-logging-1.2.jar
Launcher Type: SUN_STANDARD

[Global flags]
     intx CICompilerCount                          = 4                                         {product} {ergonomic}
     uint ConcGCThreads                            = 2                                         {product} {ergonomic}
     uint G1ConcRefinementThreads                  = 8                                         {product} {ergonomic}
   size_t G1HeapRegionSize                         = 1048576                                   {product} {ergonomic}
    uintx GCDrainStackTargetSize                   = 64                                        {product} {ergonomic}
   size_t InitialHeapSize                          = 132120576                                 {product} {ergonomic}
   size_t MarkStackSize                            = 4194304                                   {product} {ergonomic}
   size_t MaxHeapSize                              = 2105540608                                {product} {ergonomic}
   size_t MaxNewSize                               = 1262485504                                {product} {ergonomic}
   size_t MinHeapDeltaBytes                        = 1048576                                   {product} {ergonomic}
   size_t MinHeapSize                              = 8388608                                   {product} {ergonomic}
    uintx NonNMethodCodeHeapSize                   = 5839372                                {pd product} {ergonomic}
    uintx NonProfiledCodeHeapSize                  = 122909434                              {pd product} {ergonomic}
    uintx ProfiledCodeHeapSize                     = 122909434                              {pd product} {ergonomic}
    uintx ReservedCodeCacheSize                    = 251658240                              {pd product} {ergonomic}
     bool SegmentedCodeCache                       = true                                      {product} {ergonomic}
   size_t SoftMaxHeapSize                          = 2105540608                             {manageable} {ergonomic}
     bool UseCompressedOops                        = true                           {product lp64_product} {ergonomic}
     bool UseG1GC                                  = true                                      {product} {ergonomic}
     bool UseLargePagesIndividualAllocation        = false                                  {pd product} {ergonomic}

Logging:
Log output configuration:
 #0: stdout all=warning uptime,level,tags foldmultilines=false
 #1: stderr all=off uptime,level,tags foldmultilines=false

Release file:
JAVA_VERSION="21.0.9" 
MODULES="java.base java.compiler java.datatransfer java.xml java.prefs java.desktop java.instrument java.logging java.management java.security.sasl java.naming java.rmi java.management.rmi java.net.http java.scripting java.security.jgss java.transaction.xa java.sql java.sql.rowset java.xml.crypto java.se java.smartcardio jdk.accessibility jdk.internal.jvmstat jdk.attach jdk.charsets jdk.internal.opt jdk.zipfs jdk.compiler jdk.crypto.ec jdk.crypto.cryptoki jdk.crypto.mscapi jdk.dynalink jdk.internal.ed jdk.editpad jdk.hotspot.agent jdk.httpserver jdk.internal.le jdk.internal.vm.ci jdk.internal.vm.compiler jdk.internal.vm.compiler.management jdk.jartool jdk.javadoc jdk.jcmd jdk.management jdk.management.agent jdk.jconsole jdk.jdeps jdk.jdwp.agent jdk.jdi jdk.jfr jdk.jshell jdk.jsobject jdk.jstatd jdk.localedata jdk.management.jfr jdk.naming.dns jdk.naming.rmi jdk.net jdk.nio.mapmode jdk.random jdk.sctp jdk.security.auth jdk.security.jgss jdk.unsupported jdk.unsupported.desktop jdk.xml.dom" 

Environment Variables:
JAVA_HOME=C:\Program Files\Java\jdk-23.0.1
CLASSPATH=c:\Users\songo\.vscode\extensions\vscjava.vscode-gradle-3.17.1\lib\gradle-server.jar
PATH=C:\Program Files\Java\jdk-23.0.1\bin;C:\Program Files\Common Files\Oracle\Java\javapath;C:\Program Files (x86)\Common Files\Oracle\Java\javapath;C:\WINDOWS\system32;C:\WINDOWS;C:\WINDOWS\System32\Wbem;C:\WINDOWS\System32\WindowsPowerShell\v1.0\;C:\WINDOWS\System32\OpenSSH\;C:\Program Files\Git\cmd;C:\Program Files\Docker\Docker\resources\bin;C:\Program Files\dotnet\;C:\Users\songo\IdeaProjects\gradle-2.0\bin;C:\Program Files (x86)\Java\jre7\bin;C:\Users\songo\Downloads\kotlin-compiler-2.1.0\kotlinc\bin;C:\Users\songo\AppData\Local\Muse Hub\lib;C:\Users\songo\AppData\Local\Programs\Python\Python313\Scripts\;C:\Users\songo\AppData\Local\Programs\Python\Python313\;C:\Users\songo\AppData\Local\Programs\Python\Launcher\;C:\Users\songo\AppData\Local\Microsoft\WindowsApps;C:\Users\songo\AppData\Local\atom\bin;C:\MinGW\bin;C:\Users\songo\AppData\Local\Programs\Microsoft VS Code\bin;C:MinGW\bin;C:\Users\songo\AppData\Roaming\Programs\Zero Install;C:\Users\songo\AppData\Local\Muse Hub\lib;C:\Program Files\Java\jdk-23.0.1\bin;C:\Users\songo\AppData\Local\Microsoft\WindowsApps;C:\Users\songo\AppData\Local\GitHubDesktop\bin;C:\Users\songo\Downloads\lilypond-2.25.18-mingw-x86_64\lilypond-2.25.18\bin;
USERNAME=songo
OS=Windows_NT
PROCESSOR_IDENTIFIER=Intel64 Family 6 Model 140 Stepping 1, GenuineIntel
TMP=C:\Users\songo\AppData\Local\Temp
TEMP=C:\Users\songo\AppData\Local\Temp




Periodic native trim disabled

---------------  S Y S T E M  ---------------

OS:
 Windows 11 , 64 bit Build 26100 (10.0.26100.7309)
OS uptime: 4 days 9:13 hours
Hyper-V role detected

CPU: total 8 (initial active 8) (4 cores per cpu, 2 threads per core) family 6 model 140 stepping 1 microcode 0xba, cx8, cmov, fxsr, ht, mmx, 3dnowpref, sse, sse2, sse3, ssse3, sse4.1, sse4.2, popcnt, lzcnt, tsc, tscinvbit, avx, avx2, aes, erms, clmul, bmi1, bmi2, adx, avx512f, avx512dq, avx512cd, avx512bw, avx512vl, sha, fma, vzeroupper, avx512_vpopcntdq, avx512_vpclmulqdq, avx512_vaes, avx512_vnni, clflush, clflushopt, clwb, avx512_vbmi2, avx512_vbmi, hv, rdtscp, rdpid, fsrm, gfni, avx512_bitalg, f16c, cet_ibt, cet_ss, avx512_ifma
Processor Information for processor 0
  Max Mhz: 2419, Current Mhz: 2419, Mhz Limit: 2419
Processor Information for processor 1
  Max Mhz: 2419, Current Mhz: 2419, Mhz Limit: 2419
Processor Information for processor 2
  Max Mhz: 2419, Current Mhz: 2419, Mhz Limit: 2419
Processor Information for processor 3
  Max Mhz: 2419, Current Mhz: 2419, Mhz Limit: 2419
Processor Information for processor 4
  Max Mhz: 2419, Current Mhz: 1209, Mhz Limit: 2419
Processor Information for processor 5
  Max Mhz: 2419, Current Mhz: 2419, Mhz Limit: 2419
Processor Information for processor 6
  Max Mhz: 2419, Current Mhz: 1209, Mhz Limit: 2419
Processor Information for processor 7
  Max Mhz: 2419, Current Mhz: 1209, Mhz Limit: 2419

Memory: 4k page, system-wide physical 8025M (486M free)
TotalPageFile size 32601M (AvailPageFile size 0M)
current process WorkingSet (physical memory assigned to process): 399M, peak: 405M
current process commit charge ("private bytes"): 445M, peak: 500M

vm_info: OpenJDK 64-Bit Server VM (21.0.9+10-LTS) for windows-amd64 JRE (21.0.9+10-LTS), built on 2025-10-21T00:00:00Z by "admin" with unknown MS VC++:1942

END.
